{"C:\\Users\\youss\\Code\\Repos\\takenote\\src\\client\\api\\index.ts": {"path":"C:\\Users\\youss\\Code\\Repos\\takenote\\src\\client\\api\\index.ts","statementMap":{"0":{"start":{"line":3,"column":0},"end":{"line":3,"column":47}},"1":{"start":{"line":4,"column":0},"end":{"line":4,"column":53}},"2":{"start":{"line":12,"column":41},"end":{"line":12,"column":null}},"3":{"start":{"line":12,"column":47},"end":{"line":12,"column":89}},"4":{"start":{"line":12,"column":89},"end":{"line":25,"column":null}},"5":{"start":{"line":16,"column":15},"end":{"line":16,"column":40}},"6":{"start":{"line":18,"column":2},"end":{"line":24,"column":null}},"7":{"start":{"line":19,"column":4},"end":{"line":19,"column":null}},"8":{"start":{"line":21,"column":4},"end":{"line":23,"column":null}},"9":{"start":{"line":27,"column":21},"end":{"line":27,"column":28}},"10":{"start":{"line":27,"column":27},"end":{"line":47,"column":null}},"11":{"start":{"line":28,"column":21},"end":{"line":28,"column":50}},"12":{"start":{"line":31,"column":2},"end":{"line":46,"column":null}},"13":{"start":{"line":33,"column":4},"end":{"line":33,"column":null}},"14":{"start":{"line":34,"column":9},"end":{"line":46,"column":null}},"15":{"start":{"line":36,"column":4},"end":{"line":41,"column":null}},"16":{"start":{"line":38,"column":84},"end":{"line":38,"column":100}},"17":{"start":{"line":43,"column":4},"end":{"line":45,"column":null}},"18":{"start":{"line":49,"column":13},"end":{"line":49,"column":null}},"19":{"start":{"line":49,"column":34},"end":{"line":49,"column":null}},"20":{"start":{"line":51,"column":13},"end":{"line":51,"column":null}},"21":{"start":{"line":51,"column":39},"end":{"line":51,"column":null}},"22":{"start":{"line":53,"column":13},"end":{"line":54,"column":null}},"23":{"start":{"line":54,"column":2},"end":{"line":54,"column":null}},"24":{"start":{"line":56,"column":13},"end":{"line":65,"column":null}},"25":{"start":{"line":56,"column":28},"end":{"line":56,"column":38}},"26":{"start":{"line":56,"column":40},"end":{"line":56,"column":45}},"27":{"start":{"line":57,"column":2},"end":{"line":65,"column":null}},"28":{"start":{"line":58,"column":4},"end":{"line":58,"column":null}},"29":{"start":{"line":59,"column":4},"end":{"line":59,"column":null}},"30":{"start":{"line":61,"column":4},"end":{"line":64,"column":null}},"31":{"start":{"line":67,"column":13},"end":{"line":68,"column":null}},"32":{"start":{"line":68,"column":2},"end":{"line":68,"column":null}}},"fnMap":{"0":{"name":"(anonymous_1)","decl":{"start":{"line":12,"column":41},"end":{"line":12,"column":42}},"loc":{"start":{"line":12,"column":84},"end":{"line":12,"column":null}}},"1":{"name":"(anonymous_2)","decl":{"start":{"line":12,"column":89},"end":{"line":12,"column":null}},"loc":{"start":{"line":14,"column":8},"end":{"line":25,"column":1}}},"2":{"name":"(anonymous_3)","decl":{"start":{"line":27,"column":21},"end":{"line":27,"column":27}},"loc":{"start":{"line":27,"column":21},"end":{"line":27,"column":28}}},"3":{"name":"(anonymous_4)","decl":{"start":{"line":27,"column":27},"end":{"line":27,"column":28}},"loc":{"start":{"line":27,"column":77},"end":{"line":47,"column":1}}},"4":{"name":"(anonymous_5)","decl":{"start":{"line":38,"column":64},"end":{"line":38,"column":65}},"loc":{"start":{"line":38,"column":79},"end":{"line":38,"column":88}}},"5":{"name":"(anonymous_6)","decl":{"start":{"line":49,"column":28},"end":{"line":49,"column":34}},"loc":{"start":{"line":49,"column":28},"end":{"line":49,"column":38}}},"6":{"name":"(anonymous_7)","decl":{"start":{"line":51,"column":33},"end":{"line":51,"column":39}},"loc":{"start":{"line":51,"column":33},"end":{"line":51,"column":43}}},"7":{"name":"(anonymous_8)","decl":{"start":{"line":53,"column":31},"end":{"line":53,"column":null}},"loc":{"start":{"line":53,"column":31},"end":{"line":54,"column":6}}},"8":{"name":"(anonymous_9)","decl":{"start":{"line":56,"column":25},"end":{"line":56,"column":26}},"loc":{"start":{"line":56,"column":60},"end":{"line":57,"column":6}}},"9":{"name":"(anonymous_10)","decl":{"start":{"line":57,"column":14},"end":{"line":57,"column":15}},"loc":{"start":{"line":57,"column":22},"end":{"line":65,"column":3}}},"10":{"name":"(anonymous_11)","decl":{"start":{"line":67,"column":28},"end":{"line":67,"column":29}},"loc":{"start":{"line":67,"column":52},"end":{"line":68,"column":9}}}},"branchMap":{"0":{"loc":{"start":{"line":12,"column":47},"end":{"line":12,"column":89}},"type":"if","locations":[{"start":{"line":12,"column":47},"end":{"line":12,"column":89}},{"start":{"line":12,"column":47},"end":{"line":12,"column":89}}]},"1":{"loc":{"start":{"line":18,"column":2},"end":{"line":24,"column":null}},"type":"if","locations":[{"start":{"line":18,"column":2},"end":{"line":24,"column":null}},{"start":{"line":18,"column":2},"end":{"line":24,"column":null}}]},"2":{"loc":{"start":{"line":31,"column":2},"end":{"line":46,"column":null}},"type":"if","locations":[{"start":{"line":31,"column":2},"end":{"line":46,"column":null}},{"start":{"line":31,"column":2},"end":{"line":46,"column":null}}]},"3":{"loc":{"start":{"line":34,"column":9},"end":{"line":46,"column":null}},"type":"if","locations":[{"start":{"line":34,"column":9},"end":{"line":46,"column":null}},{"start":{"line":34,"column":9},"end":{"line":46,"column":null}}]},"4":{"loc":{"start":{"line":39,"column":9},"end":{"line":39,"column":null}},"type":"cond-expr","locations":[{"start":{"line":39,"column":9},"end":{"line":39,"column":null}},{"start":{"line":40,"column":10},"end":{"line":40,"column":27}}]},"5":{"loc":{"start":{"line":38,"column":6},"end":{"line":38,"column":36}},"type":"binary-expr","locations":[{"start":{"line":38,"column":6},"end":{"line":38,"column":36}},{"start":{"line":38,"column":40},"end":{"line":38,"column":100}}]},"6":{"loc":{"start":{"line":62,"column":29},"end":{"line":62,"column":63}},"type":"binary-expr","locations":[{"start":{"line":62,"column":29},"end":{"line":62,"column":63}},{"start":{"line":62,"column":67},"end":{"line":62,"column":71}}]},"7":{"loc":{"start":{"line":63,"column":24},"end":{"line":63,"column":53}},"type":"binary-expr","locations":[{"start":{"line":63,"column":24},"end":{"line":63,"column":53}},{"start":{"line":63,"column":57},"end":{"line":63,"column":61}}]}},"s":{"0":2,"1":2,"2":2,"3":3,"4":2,"5":2,"6":2,"7":0,"8":2,"9":2,"10":1,"11":1,"12":1,"13":1,"14":0,"15":0,"16":0,"17":0,"18":2,"19":1,"20":2,"21":1,"22":2,"23":1,"24":2,"25":0,"26":0,"27":0,"28":0,"29":0,"30":0,"31":2,"32":0},"f":{"0":2,"1":2,"2":1,"3":1,"4":0,"5":1,"6":1,"7":1,"8":0,"9":0,"10":0},"b":{"0":[1,1],"1":[0,2],"2":[1,0],"3":[0,0],"4":[0,0],"5":[0,0],"6":[0,0],"7":[0,0]}}
,"C:\\Users\\youss\\Code\\Repos\\takenote\\src\\client\\api\\scratchpadNote.md": {"path":"C:\\Users\\youss\\Code\\Repos\\takenote\\src\\client\\api\\scratchpadNote.md","statementMap":{"0":{"start":{"line":1,"column":0},"end":{"line":1,"column":68}}},"fnMap":{},"branchMap":{},"s":{"0":2},"f":{},"b":{},"_coverageSchema":"43e27e138ebf9cfc5966b082cf9a028302ed4184","hash":"ab8df88ebb67ebc4183c957d74529c8db642ff6d"}
,"C:\\Users\\youss\\Code\\Repos\\takenote\\src\\client\\api\\scratchpadNote.ts": {"path":"C:\\Users\\youss\\Code\\Repos\\takenote\\src\\client\\api\\scratchpadNote.ts","statementMap":{"0":{"start":{"line":1,"column":0},"end":{"line":1,"column":26}},"1":{"start":{"line":2,"column":0},"end":{"line":2,"column":25}},"2":{"start":{"line":4,"column":0},"end":{"line":4,"column":46}},"3":{"start":{"line":6,"column":13},"end":{"line":13,"column":null}}},"fnMap":{},"branchMap":{},"s":{"0":2,"1":2,"2":2,"3":2},"f":{},"b":{}}
,"C:\\Users\\youss\\Code\\Repos\\takenote\\src\\client\\api\\welcomeNote.md": {"path":"C:\\Users\\youss\\Code\\Repos\\takenote\\src\\client\\api\\welcomeNote.md","statementMap":{"0":{"start":{"line":1,"column":0},"end":{"line":1,"column":1475}}},"fnMap":{},"branchMap":{},"s":{"0":2},"f":{},"b":{},"_coverageSchema":"43e27e138ebf9cfc5966b082cf9a028302ed4184","hash":"09330f947a0141785e28d0a6f96a87f098133bee"}
,"C:\\Users\\youss\\Code\\Repos\\takenote\\src\\client\\api\\welcomeNote.ts": {"path":"C:\\Users\\youss\\Code\\Repos\\takenote\\src\\client\\api\\welcomeNote.ts","statementMap":{"0":{"start":{"line":1,"column":0},"end":{"line":1,"column":26}},"1":{"start":{"line":2,"column":0},"end":{"line":2,"column":25}},"2":{"start":{"line":4,"column":0},"end":{"line":4,"column":43}},"3":{"start":{"line":6,"column":13},"end":{"line":12,"column":null}}},"fnMap":{},"branchMap":{},"s":{"0":2,"1":2,"2":2,"3":2},"f":{},"b":{}}
,"C:\\Users\\youss\\Code\\Repos\\takenote\\src\\client\\components\\Select.tsx": {"path":"C:\\Users\\youss\\Code\\Repos\\takenote\\src\\client\\components\\Select.tsx","statementMap":{"0":{"start":{"line":1,"column":0},"end":{"line":1,"column":25}},"1":{"start":{"line":14,"column":13},"end":{"line":33,"column":null}},"2":{"start":{"line":14,"column":48},"end":{"line":14,"column":55}},"3":{"start":{"line":14,"column":57},"end":{"line":14,"column":70}},"4":{"start":{"line":14,"column":72},"end":{"line":14,"column":80}},"5":{"start":{"line":15,"column":28},"end":{"line":19,"column":3}},"6":{"start":{"line":16,"column":4},"end":{"line":18,"column":null}},"7":{"start":{"line":17,"column":6},"end":{"line":17,"column":null}},"8":{"start":{"line":21,"column":2},"end":{"line":32,"column":null}},"9":{"start":{"line":23,"column":27},"end":{"line":23,"column":null}},"10":{"start":{"line":26,"column":37},"end":{"line":30,"column":8}}},"fnMap":{"0":{"name":"(anonymous_1)","decl":{"start":{"line":14,"column":45},"end":{"line":14,"column":46}},"loc":{"start":{"line":14,"column":82},"end":{"line":33,"column":1}}},"1":{"name":"(anonymous_2)","decl":{"start":{"line":15,"column":28},"end":{"line":15,"column":29}},"loc":{"start":{"line":15,"column":67},"end":{"line":19,"column":3}}},"2":{"name":"(anonymous_3)","decl":{"start":{"line":16,"column":26},"end":{"line":16,"column":27}},"loc":{"start":{"line":16,"column":47},"end":{"line":18,"column":5}}},"3":{"name":"(anonymous_4)","decl":{"start":{"line":23,"column":16},"end":{"line":23,"column":17}},"loc":{"start":{"line":23,"column":22},"end":{"line":23,"column":35}}},"4":{"name":"(anonymous_5)","decl":{"start":{"line":26,"column":19},"end":{"line":26,"column":20}},"loc":{"start":{"line":26,"column":32},"end":{"line":26,"column":null}}}},"branchMap":{},"s":{"0":1,"1":1,"2":0,"3":0,"4":0,"5":0,"6":0,"7":0,"8":0,"9":0,"10":0},"f":{"0":0,"1":0,"2":0,"3":0,"4":0},"b":{}}
,"C:\\Users\\youss\\Code\\Repos\\takenote\\src\\client\\components\\Switch.tsx": {"path":"C:\\Users\\youss\\Code\\Repos\\takenote\\src\\client\\components\\Switch.tsx","statementMap":{"0":{"start":{"line":1,"column":0},"end":{"line":1,"column":25}},"1":{"start":{"line":8,"column":13},"end":{"line":15,"column":null}},"2":{"start":{"line":8,"column":48},"end":{"line":8,"column":54}},"3":{"start":{"line":8,"column":56},"end":{"line":8,"column":63}},"4":{"start":{"line":9,"column":2},"end":{"line":14,"column":null}}},"fnMap":{"0":{"name":"(anonymous_1)","decl":{"start":{"line":8,"column":45},"end":{"line":8,"column":46}},"loc":{"start":{"line":8,"column":65},"end":{"line":15,"column":1}}}},"branchMap":{},"s":{"0":2,"1":2,"2":1,"3":1,"4":1},"f":{"0":1},"b":{}}
,"C:\\Users\\youss\\Code\\Repos\\takenote\\src\\client\\components\\AppSidebar\\ActionButton.tsx": {"path":"C:\\Users\\youss\\Code\\Repos\\takenote\\src\\client\\components\\AppSidebar\\ActionButton.tsx","statementMap":{"0":{"start":{"line":1,"column":0},"end":{"line":1,"column":48}},"1":{"start":{"line":4,"column":0},"end":{"line":4,"column":45}},"2":{"start":{"line":14,"column":13},"end":{"line":41,"column":null}},"3":{"start":{"line":15,"column":2},"end":{"line":15,"column":12}},"4":{"start":{"line":16,"column":2},"end":{"line":16,"column":18}},"5":{"start":{"line":17,"column":2},"end":{"line":17,"column":9}},"6":{"start":{"line":18,"column":2},"end":{"line":18,"column":15}},"7":{"start":{"line":19,"column":2},"end":{"line":19,"column":7}},"8":{"start":{"line":21,"column":2},"end":{"line":40,"column":null}}},"fnMap":{"0":{"name":"(anonymous_1)","decl":{"start":{"line":14,"column":57},"end":{"line":14,"column":58}},"loc":{"start":{"line":20,"column":1},"end":{"line":41,"column":1}}}},"branchMap":{"0":{"loc":{"start":{"line":16,"column":2},"end":{"line":16,"column":18}},"type":"cond-expr","locations":[{"start":{"line":16,"column":2},"end":{"line":16,"column":18}},{"start":{"line":16,"column":2},"end":{"line":16,"column":18}}]}},"s":{"0":1,"1":1,"2":1,"3":15,"4":30,"5":15,"6":15,"7":15,"8":15},"f":{"0":15},"b":{"0":[15,0]}}
,"C:\\Users\\youss\\Code\\Repos\\takenote\\src\\client\\components\\AppSidebar\\AddCategoryButton.tsx": {"path":"C:\\Users\\youss\\Code\\Repos\\takenote\\src\\client\\components\\AppSidebar\\AddCategoryButton.tsx","statementMap":{"0":{"start":{"line":1,"column":0},"end":{"line":1,"column":25}},"1":{"start":{"line":2,"column":0},"end":{"line":2,"column":36}},"2":{"start":{"line":4,"column":0},"end":{"line":4,"column":45}},"3":{"start":{"line":12,"column":13},"end":{"line":28,"column":null}},"4":{"start":{"line":13,"column":2},"end":{"line":13,"column":12}},"5":{"start":{"line":14,"column":2},"end":{"line":14,"column":9}},"6":{"start":{"line":15,"column":2},"end":{"line":15,"column":7}},"7":{"start":{"line":17,"column":2},"end":{"line":27,"column":null}},"8":{"start":{"line":21,"column":21},"end":{"line":21,"column":null}}},"fnMap":{"0":{"name":"(anonymous_1)","decl":{"start":{"line":12,"column":67},"end":{"line":12,"column":68}},"loc":{"start":{"line":16,"column":1},"end":{"line":28,"column":1}}},"1":{"name":"(anonymous_2)","decl":{"start":{"line":21,"column":15},"end":{"line":21,"column":21}},"loc":{"start":{"line":21,"column":15},"end":{"line":21,"column":28}}}},"branchMap":{},"s":{"0":1,"1":1,"2":1,"3":1,"4":5,"5":5,"6":5,"7":5,"8":0},"f":{"0":5,"1":0},"b":{}}
,"C:\\Users\\youss\\Code\\Repos\\takenote\\src\\client\\components\\AppSidebar\\AddCategoryForm.tsx": {"path":"C:\\Users\\youss\\Code\\Repos\\takenote\\src\\client\\components\\AppSidebar\\AddCategoryForm.tsx","statementMap":{"0":{"start":{"line":1,"column":0},"end":{"line":1,"column":25}},"1":{"start":{"line":3,"column":0},"end":{"line":3,"column":42}},"2":{"start":{"line":16,"column":13},"end":{"line":46,"column":null}},"3":{"start":{"line":17,"column":2},"end":{"line":17,"column":12}},"4":{"start":{"line":18,"column":2},"end":{"line":18,"column":15}},"5":{"start":{"line":19,"column":2},"end":{"line":19,"column":15}},"6":{"start":{"line":20,"column":2},"end":{"line":20,"column":14}},"7":{"start":{"line":21,"column":2},"end":{"line":21,"column":19}},"8":{"start":{"line":22,"column":2},"end":{"line":22,"column":18}},"9":{"start":{"line":24,"column":2},"end":{"line":45,"column":null}},"10":{"start":{"line":34,"column":10},"end":{"line":34,"column":null}},"11":{"start":{"line":37,"column":10},"end":{"line":41,"column":null}},"12":{"start":{"line":38,"column":12},"end":{"line":38,"column":null}},"13":{"start":{"line":40,"column":12},"end":{"line":40,"column":null}}},"fnMap":{"0":{"name":"(anonymous_1)","decl":{"start":{"line":16,"column":63},"end":{"line":16,"column":64}},"loc":{"start":{"line":23,"column":1},"end":{"line":46,"column":1}}},"1":{"name":"(anonymous_2)","decl":{"start":{"line":33,"column":18},"end":{"line":33,"column":19}},"loc":{"start":{"line":33,"column":24},"end":{"line":35,"column":9}}},"2":{"name":"(anonymous_3)","decl":{"start":{"line":36,"column":16},"end":{"line":36,"column":17}},"loc":{"start":{"line":36,"column":22},"end":{"line":42,"column":9}}}},"branchMap":{"0":{"loc":{"start":{"line":37,"column":10},"end":{"line":41,"column":null}},"type":"if","locations":[{"start":{"line":37,"column":10},"end":{"line":41,"column":null}},{"start":{"line":37,"column":10},"end":{"line":41,"column":null}}]},"1":{"loc":{"start":{"line":37,"column":14},"end":{"line":37,"column":31}},"type":"binary-expr","locations":[{"start":{"line":37,"column":14},"end":{"line":37,"column":31}},{"start":{"line":37,"column":35},"end":{"line":37,"column":65}}]}},"s":{"0":1,"1":1,"2":1,"3":0,"4":0,"5":0,"6":0,"7":0,"8":0,"9":0,"10":0,"11":0,"12":0,"13":0},"f":{"0":0,"1":0,"2":0},"b":{"0":[0,0],"1":[0,0]}}
,"C:\\Users\\youss\\Code\\Repos\\takenote\\src\\client\\components\\AppSidebar\\FolderOption.tsx": {"path":"C:\\Users\\youss\\Code\\Repos\\takenote\\src\\client\\components\\AppSidebar\\FolderOption.tsx","statementMap":{"0":{"start":{"line":1,"column":0},"end":{"line":1,"column":39}},"1":{"start":{"line":2,"column":0},"end":{"line":2,"column":44}},"2":{"start":{"line":4,"column":0},"end":{"line":4,"column":38}},"3":{"start":{"line":5,"column":0},"end":{"line":5,"column":45}},"4":{"start":{"line":17,"column":13},"end":{"line":81,"column":null}},"5":{"start":{"line":18,"column":2},"end":{"line":18,"column":6}},"6":{"start":{"line":19,"column":2},"end":{"line":19,"column":8}},"7":{"start":{"line":20,"column":2},"end":{"line":20,"column":12}},"8":{"start":{"line":21,"column":2},"end":{"line":21,"column":8}},"9":{"start":{"line":22,"column":2},"end":{"line":22,"column":12}},"10":{"start":{"line":23,"column":2},"end":{"line":23,"column":13}},"11":{"start":{"line":25,"column":8},"end":{"line":31,"column":null}},"12":{"start":{"line":25,"column":9},"end":{"line":25,"column":29}},"13":{"start":{"line":25,"column":31},"end":{"line":25,"column":null}},"14":{"start":{"line":32,"column":27},"end":{"line":34,"column":3}},"15":{"start":{"line":33,"column":4},"end":{"line":33,"column":null}},"16":{"start":{"line":35,"column":27},"end":{"line":37,"column":3}},"17":{"start":{"line":36,"column":4},"end":{"line":36,"column":null}},"18":{"start":{"line":38,"column":22},"end":{"line":43,"column":3}},"19":{"start":{"line":39,"column":4},"end":{"line":39,"column":null}},"20":{"start":{"line":41,"column":4},"end":{"line":41,"column":null}},"21":{"start":{"line":42,"column":4},"end":{"line":42,"column":null}},"22":{"start":{"line":45,"column":25},"end":{"line":53,"column":3}},"23":{"start":{"line":46,"column":4},"end":{"line":52,"column":null}},"24":{"start":{"line":47,"column":6},"end":{"line":47,"column":null}},"25":{"start":{"line":48,"column":11},"end":{"line":52,"column":null}},"26":{"start":{"line":49,"column":6},"end":{"line":49,"column":null}},"27":{"start":{"line":51,"column":6},"end":{"line":51,"column":null}},"28":{"start":{"line":55,"column":21},"end":{"line":61,"column":3}},"29":{"start":{"line":56,"column":4},"end":{"line":60,"column":null}},"30":{"start":{"line":57,"column":6},"end":{"line":57,"column":null}},"31":{"start":{"line":59,"column":6},"end":{"line":59,"column":null}},"32":{"start":{"line":63,"column":2},"end":{"line":80,"column":null}},"33":{"start":{"line":68,"column":8},"end":{"line":68,"column":null}},"34":{"start":{"line":72,"column":8},"end":{"line":72,"column":null}}},"fnMap":{"0":{"name":"(anonymous_3)","decl":{"start":{"line":17,"column":57},"end":{"line":17,"column":58}},"loc":{"start":{"line":24,"column":1},"end":{"line":81,"column":1}}},"1":{"name":"(anonymous_4)","decl":{"start":{"line":32,"column":27},"end":{"line":32,"column":null}},"loc":{"start":{"line":32,"column":27},"end":{"line":34,"column":3}}},"2":{"name":"(anonymous_5)","decl":{"start":{"line":35,"column":27},"end":{"line":35,"column":null}},"loc":{"start":{"line":35,"column":27},"end":{"line":37,"column":3}}},"3":{"name":"(anonymous_6)","decl":{"start":{"line":38,"column":22},"end":{"line":38,"column":23}},"loc":{"start":{"line":38,"column":44},"end":{"line":43,"column":3}}},"4":{"name":"(anonymous_7)","decl":{"start":{"line":45,"column":25},"end":{"line":45,"column":null}},"loc":{"start":{"line":45,"column":25},"end":{"line":53,"column":3}}},"5":{"name":"(anonymous_8)","decl":{"start":{"line":55,"column":21},"end":{"line":55,"column":null}},"loc":{"start":{"line":55,"column":21},"end":{"line":61,"column":3}}},"6":{"name":"(anonymous_9)","decl":{"start":{"line":67,"column":15},"end":{"line":67,"column":null}},"loc":{"start":{"line":67,"column":15},"end":{"line":69,"column":7}}},"7":{"name":"(anonymous_10)","decl":{"start":{"line":71,"column":18},"end":{"line":71,"column":19}},"loc":{"start":{"line":71,"column":40},"end":{"line":73,"column":7}}}},"branchMap":{"0":{"loc":{"start":{"line":46,"column":4},"end":{"line":52,"column":null}},"type":"if","locations":[{"start":{"line":46,"column":4},"end":{"line":52,"column":null}},{"start":{"line":46,"column":4},"end":{"line":52,"column":null}}]},"1":{"loc":{"start":{"line":48,"column":11},"end":{"line":52,"column":null}},"type":"if","locations":[{"start":{"line":48,"column":11},"end":{"line":52,"column":null}},{"start":{"line":48,"column":11},"end":{"line":52,"column":null}}]},"2":{"loc":{"start":{"line":56,"column":4},"end":{"line":60,"column":null}},"type":"if","locations":[{"start":{"line":56,"column":4},"end":{"line":60,"column":null}},{"start":{"line":56,"column":4},"end":{"line":60,"column":null}}]}},"s":{"0":1,"1":1,"2":1,"3":1,"4":1,"5":15,"6":15,"7":15,"8":15,"9":15,"10":15,"11":15,"12":15,"13":15,"14":15,"15":0,"16":15,"17":0,"18":15,"19":0,"20":0,"21":0,"22":15,"23":15,"24":5,"25":10,"26":0,"27":10,"28":15,"29":15,"30":5,"31":10,"32":15,"33":0,"34":0},"f":{"0":15,"1":0,"2":0,"3":0,"4":15,"5":15,"6":0,"7":0},"b":{"0":[5,10],"1":[0,10],"2":[5,10]}}
,"C:\\Users\\youss\\Code\\Repos\\takenote\\src\\client\\components\\AppSidebar\\LastSyncedNotification.tsx": {"path":"C:\\Users\\youss\\Code\\Repos\\takenote\\src\\client\\components\\AppSidebar\\LastSyncedNotification.tsx","statementMap":{"0":{"start":{"line":1,"column":0},"end":{"line":1,"column":25}},"1":{"start":{"line":2,"column":0},"end":{"line":2,"column":25}},"2":{"start":{"line":3,"column":0},"end":{"line":3,"column":41}},"3":{"start":{"line":9,"column":13},"end":{"line":18,"column":null}},"4":{"start":{"line":9,"column":80},"end":{"line":9,"column":88}},"5":{"start":{"line":10,"column":2},"end":{"line":17,"column":null}}},"fnMap":{"0":{"name":"(anonymous_1)","decl":{"start":{"line":9,"column":77},"end":{"line":9,"column":78}},"loc":{"start":{"line":9,"column":90},"end":{"line":18,"column":1}}}},"branchMap":{},"s":{"0":1,"1":1,"2":1,"3":1,"4":0,"5":0},"f":{"0":0},"b":{}}
,"C:\\Users\\youss\\Code\\Repos\\takenote\\src\\client\\components\\AppSidebar\\ScratchpadOption.tsx": {"path":"C:\\Users\\youss\\Code\\Repos\\takenote\\src\\client\\components\\AppSidebar\\ScratchpadOption.tsx","statementMap":{"0":{"start":{"line":2,"column":0},"end":{"line":2,"column":25}},"1":{"start":{"line":3,"column":0},"end":{"line":3,"column":36}},"2":{"start":{"line":5,"column":0},"end":{"line":5,"column":42}},"3":{"start":{"line":6,"column":0},"end":{"line":6,"column":48}},"4":{"start":{"line":8,"column":0},"end":{"line":8,"column":38}},"5":{"start":{"line":9,"column":0},"end":{"line":9,"column":45}},"6":{"start":{"line":16,"column":13},"end":{"line":29,"column":null}},"7":{"start":{"line":16,"column":68},"end":{"line":16,"column":74}},"8":{"start":{"line":16,"column":76},"end":{"line":16,"column":86}},"9":{"start":{"line":17,"column":2},"end":{"line":28,"column":null}},"10":{"start":{"line":22,"column":8},"end":{"line":22,"column":null}}},"fnMap":{"0":{"name":"(anonymous_1)","decl":{"start":{"line":16,"column":65},"end":{"line":16,"column":66}},"loc":{"start":{"line":16,"column":88},"end":{"line":29,"column":1}}},"1":{"name":"(anonymous_2)","decl":{"start":{"line":21,"column":15},"end":{"line":21,"column":null}},"loc":{"start":{"line":21,"column":15},"end":{"line":23,"column":7}}}},"branchMap":{"0":{"loc":{"start":{"line":20,"column":46},"end":{"line":20,"column":54}},"type":"cond-expr","locations":[{"start":{"line":20,"column":46},"end":{"line":20,"column":54}},{"start":{"line":20,"column":57},"end":{"line":20,"column":59}}]}},"s":{"0":1,"1":1,"2":1,"3":1,"4":1,"5":1,"6":1,"7":5,"8":5,"9":5,"10":0},"f":{"0":5,"1":0},"b":{"0":[0,5]}}
,"C:\\Users\\youss\\Code\\Repos\\takenote\\src\\client\\components\\Editor\\EmptyEditor.tsx": {"path":"C:\\Users\\youss\\Code\\Repos\\takenote\\src\\client\\components\\Editor\\EmptyEditor.tsx","statementMap":{"0":{"start":{"line":1,"column":0},"end":{"line":1,"column":25}},"1":{"start":{"line":3,"column":13},"end":{"line":16,"column":null}},"2":{"start":{"line":4,"column":2},"end":{"line":15,"column":null}}},"fnMap":{"0":{"name":"(anonymous_1)","decl":{"start":{"line":3,"column":37},"end":{"line":3,"column":null}},"loc":{"start":{"line":3,"column":37},"end":{"line":16,"column":1}}}},"branchMap":{},"s":{"0":1,"1":1,"2":5},"f":{"0":5},"b":{}}
,"C:\\Users\\youss\\Code\\Repos\\takenote\\src\\client\\components\\Editor\\PreviewEditor.tsx": {"path":"C:\\Users\\youss\\Code\\Repos\\takenote\\src\\client\\components\\Editor\\PreviewEditor.tsx","statementMap":{"0":{"start":{"line":1,"column":0},"end":{"line":1,"column":25}},"1":{"start":{"line":2,"column":0},"end":{"line":2,"column":42}},"2":{"start":{"line":9,"column":13},"end":{"line":25,"column":null}},"3":{"start":{"line":10,"column":2},"end":{"line":10,"column":10}},"4":{"start":{"line":11,"column":2},"end":{"line":11,"column":15}},"5":{"start":{"line":12,"column":2},"end":{"line":12,"column":23}},"6":{"start":{"line":14,"column":2},"end":{"line":24,"column":null}}},"fnMap":{"0":{"name":"(anonymous_1)","decl":{"start":{"line":9,"column":59},"end":{"line":9,"column":60}},"loc":{"start":{"line":13,"column":1},"end":{"line":25,"column":1}}}},"branchMap":{},"s":{"0":1,"1":1,"2":1,"3":0,"4":0,"5":0,"6":0},"f":{"0":0},"b":{}}
,"C:\\Users\\youss\\Code\\Repos\\takenote\\src\\client\\components\\NoteList\\ContextMenuOption.tsx": {"path":"C:\\Users\\youss\\Code\\Repos\\takenote\\src\\client\\components\\NoteList\\ContextMenuOption.tsx","statementMap":{"0":{"start":{"line":1,"column":0},"end":{"line":1,"column":70}},"1":{"start":{"line":12,"column":13},"end":{"line":34,"column":null}},"2":{"start":{"line":13,"column":2},"end":{"line":13,"column":12}},"3":{"start":{"line":14,"column":2},"end":{"line":14,"column":9}},"4":{"start":{"line":15,"column":2},"end":{"line":15,"column":12}},"5":{"start":{"line":16,"column":2},"end":{"line":16,"column":15}},"6":{"start":{"line":17,"column":2},"end":{"line":17,"column":6}},"7":{"start":{"line":18,"column":2},"end":{"line":18,"column":9}},"8":{"start":{"line":20,"column":2},"end":{"line":33,"column":null}}},"fnMap":{"0":{"name":"(anonymous_4)","decl":{"start":{"line":12,"column":67},"end":{"line":12,"column":68}},"loc":{"start":{"line":19,"column":1},"end":{"line":34,"column":1}}}},"branchMap":{"0":{"loc":{"start":{"line":23,"column":43},"end":{"line":23,"column":67}},"type":"cond-expr","locations":[{"start":{"line":23,"column":43},"end":{"line":23,"column":67}},{"start":{"line":23,"column":70},"end":{"line":23,"column":80}}]}},"s":{"0":2,"1":2,"2":13,"3":13,"4":13,"5":13,"6":13,"7":13,"8":13},"f":{"0":13},"b":{"0":[4,9]}}
,"C:\\Users\\youss\\Code\\Repos\\takenote\\src\\client\\components\\NoteList\\NoteListButton.tsx": {"path":"C:\\Users\\youss\\Code\\Repos\\takenote\\src\\client\\components\\NoteList\\NoteListButton.tsx","statementMap":{"0":{"start":{"line":1,"column":0},"end":{"line":1,"column":48}},"1":{"start":{"line":10,"column":13},"end":{"line":28,"column":null}},"2":{"start":{"line":11,"column":2},"end":{"line":11,"column":12}},"3":{"start":{"line":12,"column":2},"end":{"line":12,"column":18}},"4":{"start":{"line":13,"column":2},"end":{"line":13,"column":9}},"5":{"start":{"line":14,"column":2},"end":{"line":14,"column":7}},"6":{"start":{"line":16,"column":2},"end":{"line":27,"column":null}}},"fnMap":{"0":{"name":"(anonymous_1)","decl":{"start":{"line":10,"column":61},"end":{"line":10,"column":62}},"loc":{"start":{"line":15,"column":1},"end":{"line":28,"column":1}}}},"branchMap":{"0":{"loc":{"start":{"line":12,"column":2},"end":{"line":12,"column":18}},"type":"cond-expr","locations":[{"start":{"line":12,"column":2},"end":{"line":12,"column":18}},{"start":{"line":12,"column":2},"end":{"line":12,"column":18}}]}},"s":{"0":2,"1":2,"2":2,"3":4,"4":2,"5":2,"6":2},"f":{"0":2},"b":{"0":[1,1]}}
,"C:\\Users\\youss\\Code\\Repos\\takenote\\src\\client\\components\\NoteList\\SearchBar.tsx": {"path":"C:\\Users\\youss\\Code\\Repos\\takenote\\src\\client\\components\\NoteList\\SearchBar.tsx","statementMap":{"0":{"start":{"line":1,"column":0},"end":{"line":1,"column":25}},"1":{"start":{"line":3,"column":0},"end":{"line":3,"column":42}},"2":{"start":{"line":10,"column":13},"end":{"line":24,"column":null}},"3":{"start":{"line":10,"column":54},"end":{"line":10,"column":63}},"4":{"start":{"line":10,"column":65},"end":{"line":10,"column":76}},"5":{"start":{"line":11,"column":2},"end":{"line":23,"column":null}},"6":{"start":{"line":18,"column":8},"end":{"line":18,"column":null}},"7":{"start":{"line":19,"column":8},"end":{"line":19,"column":null}}},"fnMap":{"0":{"name":"(anonymous_1)","decl":{"start":{"line":10,"column":51},"end":{"line":10,"column":52}},"loc":{"start":{"line":10,"column":78},"end":{"line":24,"column":1}}},"1":{"name":"(anonymous_2)","decl":{"start":{"line":17,"column":16},"end":{"line":17,"column":17}},"loc":{"start":{"line":17,"column":22},"end":{"line":20,"column":7}}}},"branchMap":{},"s":{"0":1,"1":1,"2":1,"3":5,"4":5,"5":5,"6":0,"7":0},"f":{"0":5,"1":0},"b":{}}
,"C:\\Users\\youss\\Code\\Repos\\takenote\\src\\client\\components\\NoteList\\SelectCategory.tsx": {"path":"C:\\Users\\youss\\Code\\Repos\\takenote\\src\\client\\components\\NoteList\\SelectCategory.tsx","statementMap":{"0":{"start":{"line":1,"column":0},"end":{"line":1,"column":25}},"1":{"start":{"line":3,"column":0},"end":{"line":3,"column":42}},"2":{"start":{"line":14,"column":13},"end":{"line":46,"column":null}},"3":{"start":{"line":15,"column":2},"end":{"line":15,"column":10}},"4":{"start":{"line":16,"column":2},"end":{"line":16,"column":12}},"5":{"start":{"line":17,"column":2},"end":{"line":17,"column":6}},"6":{"start":{"line":18,"column":2},"end":{"line":18,"column":18}},"7":{"start":{"line":20,"column":29},"end":{"line":22,"column":56}},"8":{"start":{"line":21,"column":15},"end":{"line":21,"column":17}},"9":{"start":{"line":21,"column":24},"end":{"line":21,"column":48}},"10":{"start":{"line":22,"column":26},"end":{"line":22,"column":56}},"11":{"start":{"line":23,"column":2},"end":{"line":45,"column":null}},"12":{"start":{"line":36,"column":34},"end":{"line":36,"column":64}},"13":{"start":{"line":37,"column":31},"end":{"line":41,"column":14}}},"fnMap":{"0":{"name":"(anonymous_1)","decl":{"start":{"line":14,"column":61},"end":{"line":14,"column":62}},"loc":{"start":{"line":19,"column":1},"end":{"line":46,"column":1}}},"1":{"name":"(anonymous_2)","decl":{"start":{"line":21,"column":12},"end":{"line":21,"column":13}},"loc":{"start":{"line":21,"column":19},"end":{"line":21,"column":26}}},"2":{"name":"(anonymous_3)","decl":{"start":{"line":22,"column":12},"end":{"line":22,"column":13}},"loc":{"start":{"line":22,"column":21},"end":{"line":22,"column":34}}},"3":{"name":"(anonymous_4)","decl":{"start":{"line":36,"column":20},"end":{"line":36,"column":21}},"loc":{"start":{"line":36,"column":29},"end":{"line":36,"column":42}}},"4":{"name":"(anonymous_5)","decl":{"start":{"line":37,"column":17},"end":{"line":37,"column":18}},"loc":{"start":{"line":37,"column":26},"end":{"line":37,"column":null}}}},"branchMap":{"0":{"loc":{"start":{"line":25,"column":7},"end":{"line":25,"column":18}},"type":"binary-expr","locations":[{"start":{"line":25,"column":7},"end":{"line":25,"column":18}},{"start":{"line":25,"column":22},"end":{"line":25,"column":51}},{"start":{"line":26,"column":8},"end":{"line":41,"column":null}}]}},"s":{"0":2,"1":2,"2":2,"3":0,"4":0,"5":0,"6":0,"7":0,"8":0,"9":0,"10":0,"11":0,"12":0,"13":0},"f":{"0":0,"1":0,"2":0,"3":0,"4":0},"b":{"0":[0,0,0]}}
,"C:\\Users\\youss\\Code\\Repos\\takenote\\src\\client\\components\\SettingsModal\\Option.tsx": {"path":"C:\\Users\\youss\\Code\\Repos\\takenote\\src\\client\\components\\SettingsModal\\Option.tsx","statementMap":{"0":{"start":{"line":1,"column":0},"end":{"line":1,"column":25}},"1":{"start":{"line":3,"column":0},"end":{"line":3,"column":44}},"2":{"start":{"line":11,"column":13},"end":{"line":18,"column":null}},"3":{"start":{"line":11,"column":48},"end":{"line":11,"column":53}},"4":{"start":{"line":11,"column":55},"end":{"line":11,"column":61}},"5":{"start":{"line":11,"column":63},"end":{"line":11,"column":70}},"6":{"start":{"line":12,"column":2},"end":{"line":17,"column":null}}},"fnMap":{"0":{"name":"(anonymous_1)","decl":{"start":{"line":11,"column":45},"end":{"line":11,"column":46}},"loc":{"start":{"line":11,"column":72},"end":{"line":18,"column":1}}}},"branchMap":{},"s":{"0":1,"1":1,"2":1,"3":0,"4":0,"5":0,"6":0},"f":{"0":0},"b":{}}
,"C:\\Users\\youss\\Code\\Repos\\takenote\\src\\client\\components\\SettingsModal\\SelectOptions.tsx": {"path":"C:\\Users\\youss\\Code\\Repos\\takenote\\src\\client\\components\\SettingsModal\\SelectOptions.tsx","statementMap":{"0":{"start":{"line":1,"column":0},"end":{"line":1,"column":25}},"1":{"start":{"line":3,"column":0},"end":{"line":3,"column":34}},"2":{"start":{"line":12,"column":13},"end":{"line":24,"column":null}},"3":{"start":{"line":13,"column":2},"end":{"line":13,"column":7}},"4":{"start":{"line":14,"column":2},"end":{"line":14,"column":10}},"5":{"start":{"line":15,"column":2},"end":{"line":15,"column":15}},"6":{"start":{"line":16,"column":2},"end":{"line":16,"column":9}},"7":{"start":{"line":18,"column":2},"end":{"line":23,"column":null}}},"fnMap":{"0":{"name":"(anonymous_1)","decl":{"start":{"line":12,"column":52},"end":{"line":12,"column":53}},"loc":{"start":{"line":17,"column":1},"end":{"line":24,"column":1}}}},"branchMap":{},"s":{"0":1,"1":1,"2":1,"3":0,"4":0,"5":0,"6":0,"7":0},"f":{"0":0},"b":{}}
,"C:\\Users\\youss\\Code\\Repos\\takenote\\src\\client\\components\\SettingsModal\\Shortcut.tsx": {"path":"C:\\Users\\youss\\Code\\Repos\\takenote\\src\\client\\components\\SettingsModal\\Shortcut.tsx","statementMap":{"0":{"start":{"line":1,"column":0},"end":{"line":1,"column":25}},"1":{"start":{"line":8,"column":13},"end":{"line":17,"column":null}},"2":{"start":{"line":8,"column":52},"end":{"line":8,"column":58}},"3":{"start":{"line":8,"column":60},"end":{"line":8,"column":66}},"4":{"start":{"line":9,"column":2},"end":{"line":16,"column":null}}},"fnMap":{"0":{"name":"(anonymous_1)","decl":{"start":{"line":8,"column":49},"end":{"line":8,"column":50}},"loc":{"start":{"line":8,"column":68},"end":{"line":17,"column":1}}}},"branchMap":{},"s":{"0":1,"1":1,"2":0,"3":0,"4":0},"f":{"0":0},"b":{}}
,"C:\\Users\\youss\\Code\\Repos\\takenote\\src\\client\\containers\\AppSidebar.tsx": {"path":"C:\\Users\\youss\\Code\\Repos\\takenote\\src\\client\\containers\\AppSidebar.tsx","statementMap":{"0":{"start":{"line":1,"column":0},"end":{"line":1,"column":25}},"1":{"start":{"line":2,"column":0},"end":{"line":2,"column":65}},"2":{"start":{"line":3,"column":0},"end":{"line":3,"column":54}},"3":{"start":{"line":5,"column":0},"end":{"line":5,"column":48}},"4":{"start":{"line":6,"column":0},"end":{"line":6,"column":42}},"5":{"start":{"line":8,"column":0},"end":{"line":8,"column":67}},"6":{"start":{"line":9,"column":0},"end":{"line":9,"column":87}},"7":{"start":{"line":10,"column":0},"end":{"line":10,"column":67}},"8":{"start":{"line":11,"column":0},"end":{"line":11,"column":75}},"9":{"start":{"line":12,"column":0},"end":{"line":12,"column":38}},"10":{"start":{"line":13,"column":0},"end":{"line":13,"column":56}},"11":{"start":{"line":14,"column":0},"end":{"line":14,"column":null}},"12":{"start":{"line":23,"column":0},"end":{"line":23,"column":78}},"13":{"start":{"line":24,"column":0},"end":{"line":24,"column":36}},"14":{"start":{"line":25,"column":0},"end":{"line":25,"column":75}},"15":{"start":{"line":27,"column":0},"end":{"line":27,"column":69}},"16":{"start":{"line":29,"column":13},"end":{"line":139,"column":null}},"17":{"start":{"line":34,"column":10},"end":{"line":34,"column":20}},"18":{"start":{"line":35,"column":8},"end":{"line":35,"column":10}},"19":{"start":{"line":35,"column":10},"end":{"line":35,"column":26}},"20":{"start":{"line":35,"column":28},"end":{"line":35,"column":40}},"21":{"start":{"line":35,"column":42},"end":{"line":35,"column":54}},"22":{"start":{"line":35,"column":56},"end":{"line":35,"column":87}},"23":{"start":{"line":36,"column":10},"end":{"line":36,"column":25}},"24":{"start":{"line":37,"column":8},"end":{"line":37,"column":10}},"25":{"start":{"line":37,"column":10},"end":{"line":37,"column":17}},"26":{"start":{"line":37,"column":19},"end":{"line":37,"column":54}},"27":{"start":{"line":39,"column":21},"end":{"line":39,"column":55}},"28":{"start":{"line":45,"column":19},"end":{"line":45,"column":32}},"29":{"start":{"line":47,"column":19},"end":{"line":47,"column":47}},"30":{"start":{"line":47,"column":39},"end":{"line":47,"column":null}},"31":{"start":{"line":48,"column":28},"end":{"line":49,"column":12}},"32":{"start":{"line":49,"column":4},"end":{"line":49,"column":null}},"33":{"start":{"line":50,"column":31},"end":{"line":51,"column":12}},"34":{"start":{"line":51,"column":4},"end":{"line":51,"column":null}},"35":{"start":{"line":52,"column":22},"end":{"line":52,"column":50}},"36":{"start":{"line":52,"column":42},"end":{"line":52,"column":null}},"37":{"start":{"line":53,"column":16},"end":{"line":54,"column":12}},"38":{"start":{"line":54,"column":4},"end":{"line":54,"column":null}},"39":{"start":{"line":55,"column":31},"end":{"line":55,"column":45}},"40":{"start":{"line":55,"column":37},"end":{"line":55,"column":null}},"41":{"start":{"line":56,"column":33},"end":{"line":56,"column":47}},"42":{"start":{"line":56,"column":39},"end":{"line":56,"column":null}},"43":{"start":{"line":57,"column":30},"end":{"line":57,"column":58}},"44":{"start":{"line":57,"column":50},"end":{"line":57,"column":null}},"45":{"start":{"line":58,"column":34},"end":{"line":58,"column":62}},"46":{"start":{"line":58,"column":54},"end":{"line":58,"column":null}},"47":{"start":{"line":59,"column":33},"end":{"line":59,"column":61}},"48":{"start":{"line":59,"column":53},"end":{"line":59,"column":null}},"49":{"start":{"line":65,"column":25},"end":{"line":66,"column":24}},"50":{"start":{"line":66,"column":4},"end":{"line":76,"column":null}},"51":{"start":{"line":78,"column":27},"end":{"line":78,"column":38}},"52":{"start":{"line":78,"column":33},"end":{"line":78,"column":null}},"53":{"start":{"line":79,"column":26},"end":{"line":79,"column":52}},"54":{"start":{"line":79,"column":32},"end":{"line":79,"column":null}},"55":{"start":{"line":81,"column":2},"end":{"line":138,"column":null}}},"fnMap":{"0":{"name":"(anonymous_1)","decl":{"start":{"line":29,"column":36},"end":{"line":29,"column":null}},"loc":{"start":{"line":29,"column":36},"end":{"line":139,"column":1}}},"1":{"name":"(anonymous_2)","decl":{"start":{"line":47,"column":19},"end":{"line":47,"column":20}},"loc":{"start":{"line":47,"column":34},"end":{"line":47,"column":47}}},"2":{"name":"(anonymous_3)","decl":{"start":{"line":48,"column":28},"end":{"line":48,"column":29}},"loc":{"start":{"line":48,"column":65},"end":{"line":49,"column":12}}},"3":{"name":"(anonymous_4)","decl":{"start":{"line":50,"column":31},"end":{"line":50,"column":32}},"loc":{"start":{"line":50,"column":68},"end":{"line":51,"column":12}}},"4":{"name":"(anonymous_5)","decl":{"start":{"line":52,"column":22},"end":{"line":52,"column":23}},"loc":{"start":{"line":52,"column":37},"end":{"line":52,"column":50}}},"5":{"name":"(anonymous_6)","decl":{"start":{"line":53,"column":16},"end":{"line":53,"column":17}},"loc":{"start":{"line":53,"column":62},"end":{"line":54,"column":12}}},"6":{"name":"(anonymous_7)","decl":{"start":{"line":55,"column":31},"end":{"line":55,"column":37}},"loc":{"start":{"line":55,"column":31},"end":{"line":55,"column":45}}},"7":{"name":"(anonymous_8)","decl":{"start":{"line":56,"column":33},"end":{"line":56,"column":39}},"loc":{"start":{"line":56,"column":33},"end":{"line":56,"column":47}}},"8":{"name":"(anonymous_9)","decl":{"start":{"line":57,"column":30},"end":{"line":57,"column":31}},"loc":{"start":{"line":57,"column":45},"end":{"line":57,"column":58}}},"9":{"name":"(anonymous_10)","decl":{"start":{"line":58,"column":34},"end":{"line":58,"column":35}},"loc":{"start":{"line":58,"column":49},"end":{"line":58,"column":62}}},"10":{"name":"(anonymous_11)","decl":{"start":{"line":59,"column":33},"end":{"line":59,"column":34}},"loc":{"start":{"line":59,"column":48},"end":{"line":59,"column":61}}},"11":{"name":"(anonymous_12)","decl":{"start":{"line":65,"column":25},"end":{"line":65,"column":null}},"loc":{"start":{"line":65,"column":25},"end":{"line":66,"column":24}}},"12":{"name":"(anonymous_13)","decl":{"start":{"line":78,"column":27},"end":{"line":78,"column":33}},"loc":{"start":{"line":78,"column":27},"end":{"line":78,"column":38}}},"13":{"name":"(anonymous_14)","decl":{"start":{"line":79,"column":26},"end":{"line":79,"column":32}},"loc":{"start":{"line":79,"column":26},"end":{"line":79,"column":52}}}},"branchMap":{"0":{"loc":{"start":{"line":94,"column":28},"end":{"line":94,"column":34}},"type":"cond-expr","locations":[{"start":{"line":94,"column":28},"end":{"line":94,"column":34}},{"start":{"line":94,"column":37},"end":{"line":94,"column":46}}]},"1":{"loc":{"start":{"line":136,"column":7},"end":{"line":136,"column":17}},"type":"binary-expr","locations":[{"start":{"line":136,"column":7},"end":{"line":136,"column":17}},{"start":{"line":136,"column":21},"end":{"line":136,"column":69}}]}},"s":{"0":1,"1":1,"2":1,"3":1,"4":1,"5":1,"6":1,"7":1,"8":1,"9":1,"10":1,"11":1,"12":1,"13":1,"14":1,"15":1,"16":1,"17":5,"18":5,"19":5,"20":5,"21":5,"22":5,"23":5,"24":5,"25":5,"26":5,"27":5,"28":5,"29":5,"30":0,"31":5,"32":0,"33":5,"34":0,"35":5,"36":0,"37":5,"38":0,"39":5,"40":0,"41":5,"42":0,"43":5,"44":0,"45":5,"46":0,"47":5,"48":0,"49":5,"50":0,"51":5,"52":0,"53":5,"54":0,"55":5},"f":{"0":5,"1":0,"2":0,"3":0,"4":0,"5":0,"6":0,"7":0,"8":0,"9":0,"10":0,"11":0,"12":0,"13":0},"b":{"0":[0,5],"1":[5,0]}}
,"C:\\Users\\youss\\Code\\Repos\\takenote\\src\\client\\containers\\CategoryList.tsx": {"path":"C:\\Users\\youss\\Code\\Repos\\takenote\\src\\client\\containers\\CategoryList.tsx","statementMap":{"0":{"start":{"line":1,"column":0},"end":{"line":1,"column":58}},"1":{"start":{"line":2,"column":0},"end":{"line":2,"column":54}},"2":{"start":{"line":3,"column":0},"end":{"line":3,"column":23}},"3":{"start":{"line":4,"column":0},"end":{"line":4,"column":47}},"4":{"start":{"line":6,"column":0},"end":{"line":6,"column":48}},"5":{"start":{"line":7,"column":0},"end":{"line":7,"column":42}},"6":{"start":{"line":9,"column":0},"end":{"line":9,"column":60}},"7":{"start":{"line":10,"column":0},"end":{"line":10,"column":43}},"8":{"start":{"line":11,"column":0},"end":{"line":11,"column":55}},"9":{"start":{"line":13,"column":0},"end":{"line":13,"column":58}},"10":{"start":{"line":14,"column":0},"end":{"line":14,"column":80}},"11":{"start":{"line":15,"column":0},"end":{"line":15,"column":73}},"12":{"start":{"line":16,"column":0},"end":{"line":16,"column":77}},"13":{"start":{"line":18,"column":13},"end":{"line":182,"column":null}},"14":{"start":{"line":23,"column":8},"end":{"line":23,"column":null}},"15":{"start":{"line":24,"column":4},"end":{"line":24,"column":14}},"16":{"start":{"line":25,"column":4},"end":{"line":25,"column":23}},"17":{"start":{"line":25,"column":23},"end":{"line":25,"column":44}},"18":{"start":{"line":25,"column":46},"end":{"line":25,"column":74}},"19":{"start":{"line":32,"column":19},"end":{"line":32,"column":32}},"20":{"start":{"line":34,"column":27},"end":{"line":35,"column":12}},"21":{"start":{"line":35,"column":4},"end":{"line":35,"column":null}},"22":{"start":{"line":36,"column":26},"end":{"line":36,"column":62}},"23":{"start":{"line":36,"column":54},"end":{"line":36,"column":null}},"24":{"start":{"line":37,"column":23},"end":{"line":37,"column":59}},"25":{"start":{"line":37,"column":51},"end":{"line":37,"column":null}},"26":{"start":{"line":43,"column":25},"end":{"line":43,"column":53}},"27":{"start":{"line":49,"column":8},"end":{"line":49,"column":9}},"28":{"start":{"line":49,"column":9},"end":{"line":49,"column":18}},"29":{"start":{"line":49,"column":20},"end":{"line":49,"column":48}},"30":{"start":{"line":50,"column":8},"end":{"line":50,"column":9}},"31":{"start":{"line":50,"column":9},"end":{"line":50,"column":24}},"32":{"start":{"line":50,"column":26},"end":{"line":50,"column":72}},"33":{"start":{"line":56,"column":8},"end":{"line":56,"column":10}},"34":{"start":{"line":56,"column":10},"end":{"line":56,"column":28}},"35":{"start":{"line":56,"column":30},"end":{"line":56,"column":70}},"36":{"start":{"line":62,"column":34},"end":{"line":84,"column":3}},"37":{"start":{"line":64,"column":4},"end":{"line":64,"column":null}},"38":{"start":{"line":66,"column":20},"end":{"line":66,"column":32}},"39":{"start":{"line":69,"column":4},"end":{"line":69,"column":24}},"40":{"start":{"line":69,"column":18},"end":{"line":69,"column":24}},"41":{"start":{"line":71,"column":4},"end":{"line":75,"column":null}},"42":{"start":{"line":72,"column":6},"end":{"line":74,"column":null}},"43":{"start":{"line":73,"column":8},"end":{"line":73,"column":null}},"44":{"start":{"line":77,"column":4},"end":{"line":77,"column":null}},"45":{"start":{"line":79,"column":4},"end":{"line":83,"column":null}},"46":{"start":{"line":80,"column":6},"end":{"line":80,"column":12}},"47":{"start":{"line":82,"column":6},"end":{"line":82,"column":null}},"48":{"start":{"line":86,"column":35},"end":{"line":92,"column":3}},"49":{"start":{"line":88,"column":4},"end":{"line":88,"column":null}},"50":{"start":{"line":90,"column":4},"end":{"line":90,"column":null}},"51":{"start":{"line":91,"column":4},"end":{"line":91,"column":null}},"52":{"start":{"line":94,"column":28},"end":{"line":97,"column":3}},"53":{"start":{"line":95,"column":4},"end":{"line":95,"column":null}},"54":{"start":{"line":96,"column":4},"end":{"line":96,"column":null}},"55":{"start":{"line":99,"column":33},"end":{"line":110,"column":3}},"56":{"start":{"line":100,"column":4},"end":{"line":100,"column":null}},"57":{"start":{"line":102,"column":21},"end":{"line":102,"column":97}},"58":{"start":{"line":104,"column":4},"end":{"line":109,"column":null}},"59":{"start":{"line":104,"column":33},"end":{"line":104,"column":60}},"60":{"start":{"line":105,"column":6},"end":{"line":105,"column":null}},"61":{"start":{"line":107,"column":6},"end":{"line":107,"column":null}},"62":{"start":{"line":108,"column":6},"end":{"line":108,"column":null}},"63":{"start":{"line":112,"column":30},"end":{"line":123,"column":3}},"64":{"start":{"line":113,"column":4},"end":{"line":113,"column":null}},"65":{"start":{"line":115,"column":21},"end":{"line":115,"column":86}},"66":{"start":{"line":117,"column":4},"end":{"line":122,"column":null}},"67":{"start":{"line":117,"column":33},"end":{"line":117,"column":60}},"68":{"start":{"line":118,"column":6},"end":{"line":118,"column":null}},"69":{"start":{"line":120,"column":6},"end":{"line":120,"column":null}},"70":{"start":{"line":121,"column":6},"end":{"line":121,"column":null}},"71":{"start":{"line":129,"column":2},"end":{"line":134,"column":null}},"72":{"start":{"line":130,"column":4},"end":{"line":130,"column":null}},"73":{"start":{"line":131,"column":4},"end":{"line":133,"column":null}},"74":{"start":{"line":132,"column":6},"end":{"line":132,"column":null}},"75":{"start":{"line":136,"column":2},"end":{"line":181,"column":null}},"76":{"start":{"line":139,"column":32},"end":{"line":162,"column":null}},"77":{"start":{"line":146,"column":49},"end":{"line":159,"column":14}}},"fnMap":{"0":{"name":"(anonymous_4)","decl":{"start":{"line":18,"column":38},"end":{"line":18,"column":null}},"loc":{"start":{"line":18,"column":38},"end":{"line":182,"column":1}}},"1":{"name":"(anonymous_5)","decl":{"start":{"line":34,"column":27},"end":{"line":34,"column":28}},"loc":{"start":{"line":34,"column":64},"end":{"line":35,"column":12}}},"2":{"name":"(anonymous_6)","decl":{"start":{"line":36,"column":26},"end":{"line":36,"column":27}},"loc":{"start":{"line":36,"column":49},"end":{"line":36,"column":62}}},"3":{"name":"(anonymous_7)","decl":{"start":{"line":37,"column":23},"end":{"line":37,"column":24}},"loc":{"start":{"line":37,"column":46},"end":{"line":37,"column":59}}},"4":{"name":"(anonymous_8)","decl":{"start":{"line":62,"column":34},"end":{"line":62,"column":null}},"loc":{"start":{"line":64,"column":27},"end":{"line":84,"column":3}}},"5":{"name":"(anonymous_9)","decl":{"start":{"line":86,"column":35},"end":{"line":86,"column":null}},"loc":{"start":{"line":88,"column":27},"end":{"line":92,"column":3}}},"6":{"name":"(anonymous_10)","decl":{"start":{"line":94,"column":28},"end":{"line":94,"column":null}},"loc":{"start":{"line":94,"column":28},"end":{"line":97,"column":3}}},"7":{"name":"(anonymous_11)","decl":{"start":{"line":99,"column":33},"end":{"line":99,"column":34}},"loc":{"start":{"line":99,"column":57},"end":{"line":110,"column":3}}},"8":{"name":"(anonymous_12)","decl":{"start":{"line":104,"column":24},"end":{"line":104,"column":25}},"loc":{"start":{"line":104,"column":28},"end":{"line":104,"column":36}}},"9":{"name":"(anonymous_13)","decl":{"start":{"line":112,"column":30},"end":{"line":112,"column":31}},"loc":{"start":{"line":112,"column":54},"end":{"line":123,"column":3}}},"10":{"name":"(anonymous_14)","decl":{"start":{"line":117,"column":24},"end":{"line":117,"column":25}},"loc":{"start":{"line":117,"column":28},"end":{"line":117,"column":36}}},"11":{"name":"(anonymous_15)","decl":{"start":{"line":129,"column":12},"end":{"line":129,"column":null}},"loc":{"start":{"line":129,"column":12},"end":{"line":134,"column":3}}},"12":{"name":"(anonymous_16)","decl":{"start":{"line":131,"column":11},"end":{"line":131,"column":null}},"loc":{"start":{"line":131,"column":11},"end":{"line":133,"column":5}}},"13":{"name":"(anonymous_17)","decl":{"start":{"line":139,"column":9},"end":{"line":139,"column":10}},"loc":{"start":{"line":139,"column":27},"end":{"line":139,"column":null}}},"14":{"name":"(anonymous_18)","decl":{"start":{"line":146,"column":28},"end":{"line":146,"column":29}},"loc":{"start":{"line":146,"column":44},"end":{"line":146,"column":null}}}},"branchMap":{"0":{"loc":{"start":{"line":64,"column":4},"end":{"line":64,"column":null}},"type":"if","locations":[{"start":{"line":64,"column":4},"end":{"line":64,"column":null}},{"start":{"line":64,"column":4},"end":{"line":64,"column":null}}]},"1":{"loc":{"start":{"line":69,"column":4},"end":{"line":69,"column":24}},"type":"if","locations":[{"start":{"line":69,"column":4},"end":{"line":69,"column":24}},{"start":{"line":69,"column":4},"end":{"line":69,"column":24}}]},"2":{"loc":{"start":{"line":71,"column":4},"end":{"line":75,"column":null}},"type":"if","locations":[{"start":{"line":71,"column":4},"end":{"line":75,"column":null}},{"start":{"line":71,"column":4},"end":{"line":75,"column":null}}]},"3":{"loc":{"start":{"line":72,"column":6},"end":{"line":74,"column":null}},"type":"if","locations":[{"start":{"line":72,"column":6},"end":{"line":74,"column":null}},{"start":{"line":72,"column":6},"end":{"line":74,"column":null}}]},"4":{"loc":{"start":{"line":72,"column":10},"end":{"line":72,"column":28}},"type":"binary-expr","locations":[{"start":{"line":72,"column":10},"end":{"line":72,"column":28}},{"start":{"line":72,"column":32},"end":{"line":72,"column":50}}]},"5":{"loc":{"start":{"line":79,"column":4},"end":{"line":83,"column":null}},"type":"if","locations":[{"start":{"line":79,"column":4},"end":{"line":83,"column":null}},{"start":{"line":79,"column":4},"end":{"line":83,"column":null}}]},"6":{"loc":{"start":{"line":79,"column":31},"end":{"line":79,"column":33}},"type":"cond-expr","locations":[{"start":{"line":79,"column":31},"end":{"line":79,"column":33}},{"start":{"line":79,"column":31},"end":{"line":79,"column":70}}]},"7":{"loc":{"start":{"line":79,"column":4},"end":{"line":79,"column":33}},"type":"binary-expr","locations":[{"start":{"line":79,"column":4},"end":{"line":79,"column":33}},{"start":{"line":79,"column":31},"end":{"line":79,"column":33}}]},"8":{"loc":{"start":{"line":79,"column":22},"end":{"line":79,"column":24}},"type":"cond-expr","locations":[{"start":{"line":79,"column":22},"end":{"line":79,"column":24}},{"start":{"line":79,"column":22},"end":{"line":79,"column":31}}]},"9":{"loc":{"start":{"line":79,"column":4},"end":{"line":79,"column":24}},"type":"binary-expr","locations":[{"start":{"line":79,"column":4},"end":{"line":79,"column":24}},{"start":{"line":79,"column":22},"end":{"line":79,"column":24}}]},"10":{"loc":{"start":{"line":82,"column":60},"end":{"line":82,"column":70}},"type":"cond-expr","locations":[{"start":{"line":82,"column":60},"end":{"line":82,"column":70}},{"start":{"line":82,"column":73},"end":{"line":82,"column":75}}]},"11":{"loc":{"start":{"line":82,"column":19},"end":{"line":82,"column":29}},"type":"binary-expr","locations":[{"start":{"line":82,"column":19},"end":{"line":82,"column":29}},{"start":{"line":82,"column":33},"end":{"line":82,"column":57}}]},"12":{"loc":{"start":{"line":88,"column":4},"end":{"line":88,"column":null}},"type":"if","locations":[{"start":{"line":88,"column":4},"end":{"line":88,"column":null}},{"start":{"line":88,"column":4},"end":{"line":88,"column":null}}]},"13":{"loc":{"start":{"line":104,"column":4},"end":{"line":109,"column":null}},"type":"if","locations":[{"start":{"line":104,"column":4},"end":{"line":109,"column":null}},{"start":{"line":104,"column":4},"end":{"line":109,"column":null}}]},"14":{"loc":{"start":{"line":104,"column":8},"end":{"line":104,"column":60}},"type":"binary-expr","locations":[{"start":{"line":104,"column":8},"end":{"line":104,"column":60}},{"start":{"line":104,"column":64},"end":{"line":104,"column":84}}]},"15":{"loc":{"start":{"line":117,"column":4},"end":{"line":122,"column":null}},"type":"if","locations":[{"start":{"line":117,"column":4},"end":{"line":122,"column":null}},{"start":{"line":117,"column":4},"end":{"line":122,"column":null}}]},"16":{"loc":{"start":{"line":117,"column":8},"end":{"line":117,"column":60}},"type":"binary-expr","locations":[{"start":{"line":117,"column":8},"end":{"line":117,"column":60}},{"start":{"line":117,"column":64},"end":{"line":117,"column":84}}]},"17":{"loc":{"start":{"line":165,"column":8},"end":{"line":171,"column":null}},"type":"cond-expr","locations":[{"start":{"line":165,"column":8},"end":{"line":171,"column":null}},{"start":{"line":174,"column":8},"end":{"line":177,"column":null}}]}},"s":{"0":1,"1":1,"2":1,"3":1,"4":1,"5":1,"6":1,"7":1,"8":1,"9":1,"10":1,"11":1,"12":1,"13":1,"14":5,"15":5,"16":5,"17":5,"18":5,"19":5,"20":5,"21":0,"22":5,"23":0,"24":5,"25":0,"26":5,"27":5,"28":5,"29":5,"30":5,"31":5,"32":5,"33":5,"34":5,"35":5,"36":5,"37":0,"38":0,"39":0,"40":0,"41":0,"42":0,"43":0,"44":0,"45":0,"46":0,"47":0,"48":5,"49":0,"50":0,"51":0,"52":5,"53":0,"54":0,"55":5,"56":0,"57":0,"58":0,"59":0,"60":0,"61":0,"62":0,"63":5,"64":0,"65":0,"66":0,"67":0,"68":0,"69":0,"70":0,"71":5,"72":5,"73":5,"74":5,"75":5,"76":5,"77":0},"f":{"0":5,"1":0,"2":0,"3":0,"4":0,"5":0,"6":0,"7":0,"8":0,"9":0,"10":0,"11":5,"12":5,"13":5,"14":0},"b":{"0":[0,0],"1":[0,0],"2":[0,0],"3":[0,0],"4":[0,0],"5":[0,0],"6":[0,0],"7":[0,0],"8":[0,0],"9":[0,0],"10":[0,0],"11":[0,0],"12":[0,0],"13":[0,0],"14":[0,0],"15":[0,0],"16":[0,0],"17":[0,5]}}
,"C:\\Users\\youss\\Code\\Repos\\takenote\\src\\client\\containers\\CategoryOption.tsx": {"path":"C:\\Users\\youss\\Code\\Repos\\takenote\\src\\client\\containers\\CategoryOption.tsx","statementMap":{"0":{"start":{"line":1,"column":0},"end":{"line":1,"column":25}},"1":{"start":{"line":2,"column":0},"end":{"line":2,"column":54}},"2":{"start":{"line":3,"column":0},"end":{"line":3,"column":47}},"3":{"start":{"line":4,"column":0},"end":{"line":4,"column":68}},"4":{"start":{"line":6,"column":0},"end":{"line":6,"column":42}},"5":{"start":{"line":9,"column":0},"end":{"line":9,"column":79}},"6":{"start":{"line":10,"column":0},"end":{"line":10,"column":53}},"7":{"start":{"line":11,"column":0},"end":{"line":11,"column":91}},"8":{"start":{"line":12,"column":0},"end":{"line":12,"column":89}},"9":{"start":{"line":13,"column":0},"end":{"line":13,"column":45}},"10":{"start":{"line":14,"column":0},"end":{"line":14,"column":47}},"11":{"start":{"line":15,"column":0},"end":{"line":15,"column":54}},"12":{"start":{"line":35,"column":13},"end":{"line":156,"column":null}},"13":{"start":{"line":36,"column":2},"end":{"line":36,"column":10}},"14":{"start":{"line":37,"column":2},"end":{"line":37,"column":7}},"15":{"start":{"line":38,"column":2},"end":{"line":38,"column":16}},"16":{"start":{"line":39,"column":2},"end":{"line":39,"column":25}},"17":{"start":{"line":40,"column":2},"end":{"line":40,"column":26}},"18":{"start":{"line":41,"column":2},"end":{"line":41,"column":24}},"19":{"start":{"line":42,"column":2},"end":{"line":42,"column":17}},"20":{"start":{"line":43,"column":2},"end":{"line":43,"column":11}},"21":{"start":{"line":44,"column":2},"end":{"line":44,"column":14}},"22":{"start":{"line":50,"column":8},"end":{"line":50,"column":10}},"23":{"start":{"line":50,"column":10},"end":{"line":50,"column":26}},"24":{"start":{"line":50,"column":28},"end":{"line":50,"column":59}},"25":{"start":{"line":52,"column":4},"end":{"line":52,"column":23}},"26":{"start":{"line":52,"column":23},"end":{"line":52,"column":44}},"27":{"start":{"line":52,"column":46},"end":{"line":52,"column":74}},"28":{"start":{"line":59,"column":19},"end":{"line":59,"column":32}},"29":{"start":{"line":61,"column":34},"end":{"line":62,"column":12}},"30":{"start":{"line":62,"column":4},"end":{"line":62,"column":null}},"31":{"start":{"line":63,"column":28},"end":{"line":64,"column":12}},"32":{"start":{"line":64,"column":4},"end":{"line":64,"column":null}},"33":{"start":{"line":65,"column":27},"end":{"line":66,"column":12}},"34":{"start":{"line":66,"column":4},"end":{"line":66,"column":null}},"35":{"start":{"line":67,"column":29},"end":{"line":68,"column":12}},"36":{"start":{"line":68,"column":4},"end":{"line":68,"column":null}},"37":{"start":{"line":69,"column":29},"end":{"line":69,"column":65}},"38":{"start":{"line":69,"column":57},"end":{"line":69,"column":null}},"39":{"start":{"line":70,"column":29},"end":{"line":70,"column":65}},"40":{"start":{"line":70,"column":57},"end":{"line":70,"column":null}},"41":{"start":{"line":72,"column":2},"end":{"line":155,"column":null}},"42":{"start":{"line":74,"column":40},"end":{"line":153,"column":null}},"43":{"start":{"line":82,"column":40},"end":{"line":83,"column":null}},"44":{"start":{"line":83,"column":24},"end":{"line":83,"column":null}},"45":{"start":{"line":85,"column":30},"end":{"line":85,"column":93}},"46":{"start":{"line":86,"column":12},"end":{"line":89,"column":null}},"47":{"start":{"line":87,"column":14},"end":{"line":87,"column":null}},"48":{"start":{"line":88,"column":14},"end":{"line":88,"column":null}},"49":{"start":{"line":92,"column":12},"end":{"line":92,"column":null}},"50":{"start":{"line":95,"column":12},"end":{"line":95,"column":null}},"51":{"start":{"line":98,"column":12},"end":{"line":98,"column":null}},"52":{"start":{"line":100,"column":12},"end":{"line":100,"column":null}},"53":{"start":{"line":101,"column":12},"end":{"line":101,"column":null}},"54":{"start":{"line":103,"column":49},"end":{"line":103,"column":null}},"55":{"start":{"line":104,"column":29},"end":{"line":104,"column":null}},"56":{"start":{"line":105,"column":29},"end":{"line":105,"column":null}},"57":{"start":{"line":106,"column":36},"end":{"line":106,"column":null}},"58":{"start":{"line":111,"column":14},"end":{"line":111,"column":null}},"59":{"start":{"line":112,"column":14},"end":{"line":112,"column":null}},"60":{"start":{"line":113,"column":14},"end":{"line":113,"column":null}},"61":{"start":{"line":115,"column":14},"end":{"line":115,"column":null}},"62":{"start":{"line":115,"column":29},"end":{"line":115,"column":null}},"63":{"start":{"line":128,"column":18},"end":{"line":128,"column":null}},"64":{"start":{"line":130,"column":35},"end":{"line":130,"column":null}},"65":{"start":{"line":139,"column":32},"end":{"line":139,"column":null}}},"fnMap":{"0":{"name":"(anonymous_3)","decl":{"start":{"line":35,"column":61},"end":{"line":35,"column":62}},"loc":{"start":{"line":45,"column":1},"end":{"line":156,"column":1}}},"1":{"name":"(anonymous_4)","decl":{"start":{"line":61,"column":34},"end":{"line":61,"column":35}},"loc":{"start":{"line":61,"column":53},"end":{"line":62,"column":12}}},"2":{"name":"(anonymous_5)","decl":{"start":{"line":63,"column":28},"end":{"line":63,"column":29}},"loc":{"start":{"line":63,"column":65},"end":{"line":64,"column":12}}},"3":{"name":"(anonymous_6)","decl":{"start":{"line":65,"column":27},"end":{"line":65,"column":28}},"loc":{"start":{"line":65,"column":64},"end":{"line":66,"column":12}}},"4":{"name":"(anonymous_7)","decl":{"start":{"line":67,"column":29},"end":{"line":67,"column":30}},"loc":{"start":{"line":67,"column":64},"end":{"line":68,"column":12}}},"5":{"name":"(anonymous_8)","decl":{"start":{"line":69,"column":29},"end":{"line":69,"column":30}},"loc":{"start":{"line":69,"column":52},"end":{"line":69,"column":65}}},"6":{"name":"(anonymous_9)","decl":{"start":{"line":70,"column":29},"end":{"line":70,"column":30}},"loc":{"start":{"line":70,"column":52},"end":{"line":70,"column":65}}},"7":{"name":"(anonymous_10)","decl":{"start":{"line":74,"column":7},"end":{"line":74,"column":8}},"loc":{"start":{"line":74,"column":35},"end":{"line":74,"column":null}}},"8":{"name":"(anonymous_11)","decl":{"start":{"line":81,"column":19},"end":{"line":81,"column":null}},"loc":{"start":{"line":81,"column":19},"end":{"line":90,"column":11}}},"9":{"name":"(anonymous_12)","decl":{"start":{"line":83,"column":14},"end":{"line":83,"column":15}},"loc":{"start":{"line":83,"column":19},"end":{"line":83,"column":25}}},"10":{"name":"(anonymous_13)","decl":{"start":{"line":91,"column":25},"end":{"line":91,"column":null}},"loc":{"start":{"line":91,"column":25},"end":{"line":93,"column":11}}},"11":{"name":"(anonymous_14)","decl":{"start":{"line":94,"column":18},"end":{"line":94,"column":null}},"loc":{"start":{"line":94,"column":18},"end":{"line":96,"column":11}}},"12":{"name":"(anonymous_15)","decl":{"start":{"line":97,"column":18},"end":{"line":97,"column":19}},"loc":{"start":{"line":97,"column":24},"end":{"line":102,"column":11}}},"13":{"name":"(anonymous_16)","decl":{"start":{"line":103,"column":22},"end":{"line":103,"column":23}},"loc":{"start":{"line":103,"column":44},"end":{"line":103,"column":54}}},"14":{"name":"(anonymous_17)","decl":{"start":{"line":104,"column":23},"end":{"line":104,"column":29}},"loc":{"start":{"line":104,"column":23},"end":{"line":104,"column":47}}},"15":{"name":"(anonymous_18)","decl":{"start":{"line":105,"column":23},"end":{"line":105,"column":29}},"loc":{"start":{"line":105,"column":23},"end":{"line":105,"column":47}}},"16":{"name":"(anonymous_19)","decl":{"start":{"line":106,"column":25},"end":{"line":106,"column":26}},"loc":{"start":{"line":106,"column":31},"end":{"line":106,"column":60}}},"17":{"name":"(anonymous_20)","decl":{"start":{"line":110,"column":22},"end":{"line":110,"column":23}},"loc":{"start":{"line":110,"column":28},"end":{"line":116,"column":13}}},"18":{"name":"(anonymous_21)","decl":{"start":{"line":127,"column":26},"end":{"line":127,"column":27}},"loc":{"start":{"line":127,"column":32},"end":{"line":129,"column":17}}},"19":{"name":"(anonymous_22)","decl":{"start":{"line":130,"column":24},"end":{"line":130,"column":25}},"loc":{"start":{"line":130,"column":30},"end":{"line":130,"column":57}}},"20":{"name":"(anonymous_23)","decl":{"start":{"line":139,"column":21},"end":{"line":139,"column":22}},"loc":{"start":{"line":139,"column":27},"end":{"line":139,"column":55}}}},"branchMap":{"0":{"loc":{"start":{"line":83,"column":24},"end":{"line":83,"column":35}},"type":"binary-expr","locations":[{"start":{"line":83,"column":24},"end":{"line":83,"column":35}},{"start":{"line":83,"column":39},"end":{"line":83,"column":68}}]},"1":{"loc":{"start":{"line":85,"column":63},"end":{"line":85,"column":88}},"type":"cond-expr","locations":[{"start":{"line":85,"column":63},"end":{"line":85,"column":88}},{"start":{"line":85,"column":91},"end":{"line":85,"column":93}}]},"2":{"loc":{"start":{"line":86,"column":12},"end":{"line":89,"column":null}},"type":"if","locations":[{"start":{"line":86,"column":12},"end":{"line":89,"column":null}},{"start":{"line":86,"column":12},"end":{"line":89,"column":null}}]},"3":{"loc":{"start":{"line":115,"column":14},"end":{"line":115,"column":null}},"type":"if","locations":[{"start":{"line":115,"column":14},"end":{"line":115,"column":null}},{"start":{"line":115,"column":14},"end":{"line":115,"column":null}}]},"4":{"loc":{"start":{"line":120,"column":14},"end":{"line":130,"column":null}},"type":"cond-expr","locations":[{"start":{"line":120,"column":14},"end":{"line":130,"column":null}},{"start":{"line":133,"column":14},"end":{"line":133,"column":27}}]},"5":{"loc":{"start":{"line":138,"column":51},"end":{"line":138,"column":76}},"type":"cond-expr","locations":[{"start":{"line":138,"column":51},"end":{"line":138,"column":76}},{"start":{"line":138,"column":79},"end":{"line":138,"column":97}}]},"6":{"loc":{"start":{"line":143,"column":11},"end":{"line":143,"column":36}},"type":"binary-expr","locations":[{"start":{"line":143,"column":11},"end":{"line":143,"column":36}},{"start":{"line":144,"column":12},"end":{"line":149,"column":null}}]}},"s":{"0":1,"1":1,"2":1,"3":1,"4":1,"5":1,"6":1,"7":1,"8":1,"9":1,"10":1,"11":1,"12":1,"13":0,"14":0,"15":0,"16":0,"17":0,"18":0,"19":0,"20":0,"21":0,"22":0,"23":0,"24":0,"25":0,"26":0,"27":0,"28":0,"29":0,"30":0,"31":0,"32":0,"33":0,"34":0,"35":0,"36":0,"37":0,"38":0,"39":0,"40":0,"41":0,"42":0,"43":0,"44":0,"45":0,"46":0,"47":0,"48":0,"49":0,"50":0,"51":0,"52":0,"53":0,"54":0,"55":0,"56":0,"57":0,"58":0,"59":0,"60":0,"61":0,"62":0,"63":0,"64":0,"65":0},"f":{"0":0,"1":0,"2":0,"3":0,"4":0,"5":0,"6":0,"7":0,"8":0,"9":0,"10":0,"11":0,"12":0,"13":0,"14":0,"15":0,"16":0,"17":0,"18":0,"19":0,"20":0},"b":{"0":[0,0],"1":[0,0],"2":[0,0],"3":[0,0],"4":[0,0],"5":[0,0],"6":[0,0]}}
,"C:\\Users\\youss\\Code\\Repos\\takenote\\src\\client\\containers\\ContextMenu.tsx": {"path":"C:\\Users\\youss\\Code\\Repos\\takenote\\src\\client\\containers\\ContextMenu.tsx","statementMap":{"0":{"start":{"line":1,"column":0},"end":{"line":1,"column":32}},"1":{"start":{"line":2,"column":0},"end":{"line":2,"column":65}},"2":{"start":{"line":3,"column":0},"end":{"line":3,"column":54}},"3":{"start":{"line":5,"column":0},"end":{"line":5,"column":69}},"4":{"start":{"line":6,"column":0},"end":{"line":6,"column":68}},"5":{"start":{"line":7,"column":0},"end":{"line":7,"column":91}},"6":{"start":{"line":9,"column":0},"end":{"line":9,"column":66}},"7":{"start":{"line":10,"column":0},"end":{"line":10,"column":47}},"8":{"start":{"line":12,"column":13},"end":{"line":14,"column":null}},"9":{"start":{"line":28,"column":13},"end":{"line":110,"column":null}},"10":{"start":{"line":29,"column":2},"end":{"line":29,"column":6}},"11":{"start":{"line":30,"column":2},"end":{"line":30,"column":17}},"12":{"start":{"line":31,"column":2},"end":{"line":31,"column":16}},"13":{"start":{"line":32,"column":2},"end":{"line":32,"column":14}},"14":{"start":{"line":33,"column":2},"end":{"line":33,"column":6}},"15":{"start":{"line":39,"column":10},"end":{"line":39,"column":19}},"16":{"start":{"line":45,"column":8},"end":{"line":45,"column":9}},"17":{"start":{"line":45,"column":9},"end":{"line":45,"column":26}},"18":{"start":{"line":45,"column":28},"end":{"line":45,"column":null}},"19":{"start":{"line":54,"column":2},"end":{"line":59,"column":null}},"20":{"start":{"line":55,"column":4},"end":{"line":58,"column":null}},"21":{"start":{"line":56,"column":12},"end":{"line":56,"column":14}},"22":{"start":{"line":56,"column":14},"end":{"line":56,"column":26}},"23":{"start":{"line":56,"column":28},"end":{"line":56,"column":66}},"24":{"start":{"line":57,"column":6},"end":{"line":57,"column":null}},"25":{"start":{"line":65,"column":24},"end":{"line":67,"column":null}},"26":{"start":{"line":69,"column":30},"end":{"line":82,"column":3}},"27":{"start":{"line":70,"column":4},"end":{"line":79,"column":null}},"28":{"start":{"line":72,"column":19},"end":{"line":72,"column":37}},"29":{"start":{"line":73,"column":26},"end":{"line":73,"column":66}},"30":{"start":{"line":76,"column":6},"end":{"line":78,"column":null}},"31":{"start":{"line":81,"column":4},"end":{"line":81,"column":null}},"32":{"start":{"line":84,"column":2},"end":{"line":109,"column":null}},"33":{"start":{"line":96,"column":10},"end":{"line":96,"column":null}},"34":{"start":{"line":116,"column":50},"end":{"line":118,"column":1}},"35":{"start":{"line":116,"column":53},"end":{"line":116,"column":61}},"36":{"start":{"line":117,"column":2},"end":{"line":117,"column":null}},"37":{"start":{"line":125,"column":44},"end":{"line":167,"column":1}},"38":{"start":{"line":125,"column":47},"end":{"line":125,"column":51}},"39":{"start":{"line":125,"column":53},"end":{"line":125,"column":65}},"40":{"start":{"line":130,"column":10},"end":{"line":130,"column":20}},"41":{"start":{"line":131,"column":10},"end":{"line":131,"column":26}},"42":{"start":{"line":137,"column":19},"end":{"line":137,"column":32}},"43":{"start":{"line":139,"column":29},"end":{"line":140,"column":12}},"44":{"start":{"line":140,"column":4},"end":{"line":140,"column":null}},"45":{"start":{"line":141,"column":28},"end":{"line":142,"column":12}},"46":{"start":{"line":142,"column":4},"end":{"line":142,"column":null}},"47":{"start":{"line":143,"column":34},"end":{"line":144,"column":12}},"48":{"start":{"line":144,"column":4},"end":{"line":144,"column":null}},"49":{"start":{"line":146,"column":2},"end":{"line":166,"column":null}},"50":{"start":{"line":150,"column":10},"end":{"line":150,"column":null}},"51":{"start":{"line":152,"column":10},"end":{"line":155,"column":null}},"52":{"start":{"line":153,"column":12},"end":{"line":153,"column":null}},"53":{"start":{"line":154,"column":12},"end":{"line":154,"column":null}},"54":{"start":{"line":157,"column":10},"end":{"line":157,"column":null}}},"fnMap":{"0":{"name":"(anonymous_2)","decl":{"start":{"line":13,"column":16},"end":{"line":13,"column":17}},"loc":{"start":{"line":13,"column":27},"end":{"line":13,"column":34}}},"1":{"name":"(anonymous_3)","decl":{"start":{"line":28,"column":55},"end":{"line":28,"column":56}},"loc":{"start":{"line":34,"column":1},"end":{"line":110,"column":1}}},"2":{"name":"(anonymous_4)","decl":{"start":{"line":54,"column":12},"end":{"line":54,"column":null}},"loc":{"start":{"line":54,"column":12},"end":{"line":59,"column":3}}},"3":{"name":"(anonymous_5)","decl":{"start":{"line":69,"column":30},"end":{"line":69,"column":null}},"loc":{"start":{"line":69,"column":30},"end":{"line":82,"column":3}}},"4":{"name":"(anonymous_6)","decl":{"start":{"line":95,"column":17},"end":{"line":95,"column":18}},"loc":{"start":{"line":95,"column":23},"end":{"line":97,"column":9}}},"5":{"name":"(anonymous_7)","decl":{"start":{"line":116,"column":50},"end":{"line":116,"column":51}},"loc":{"start":{"line":116,"column":63},"end":{"line":118,"column":1}}},"6":{"name":"(anonymous_8)","decl":{"start":{"line":125,"column":44},"end":{"line":125,"column":45}},"loc":{"start":{"line":125,"column":67},"end":{"line":167,"column":1}}},"7":{"name":"(anonymous_9)","decl":{"start":{"line":139,"column":29},"end":{"line":139,"column":30}},"loc":{"start":{"line":139,"column":64},"end":{"line":140,"column":12}}},"8":{"name":"(anonymous_10)","decl":{"start":{"line":141,"column":28},"end":{"line":141,"column":29}},"loc":{"start":{"line":141,"column":65},"end":{"line":142,"column":12}}},"9":{"name":"(anonymous_11)","decl":{"start":{"line":143,"column":34},"end":{"line":143,"column":35}},"loc":{"start":{"line":143,"column":53},"end":{"line":144,"column":12}}},"10":{"name":"(anonymous_12)","decl":{"start":{"line":149,"column":18},"end":{"line":149,"column":19}},"loc":{"start":{"line":149,"column":24},"end":{"line":158,"column":9}}}},"branchMap":{"0":{"loc":{"start":{"line":55,"column":4},"end":{"line":58,"column":null}},"type":"if","locations":[{"start":{"line":55,"column":4},"end":{"line":58,"column":null}},{"start":{"line":55,"column":4},"end":{"line":58,"column":null}}]},"1":{"loc":{"start":{"line":55,"column":22},"end":{"line":55,"column":24}},"type":"cond-expr","locations":[{"start":{"line":55,"column":22},"end":{"line":55,"column":24}},{"start":{"line":55,"column":22},"end":{"line":55,"column":31}}]},"2":{"loc":{"start":{"line":55,"column":4},"end":{"line":55,"column":24}},"type":"binary-expr","locations":[{"start":{"line":55,"column":4},"end":{"line":55,"column":24}},{"start":{"line":55,"column":22},"end":{"line":55,"column":24}}]},"3":{"loc":{"start":{"line":70,"column":4},"end":{"line":79,"column":null}},"type":"if","locations":[{"start":{"line":70,"column":4},"end":{"line":79,"column":null}},{"start":{"line":70,"column":4},"end":{"line":79,"column":null}}]},"4":{"loc":{"start":{"line":70,"column":8},"end":{"line":70,"column":38}},"type":"binary-expr","locations":[{"start":{"line":70,"column":8},"end":{"line":70,"column":38}},{"start":{"line":70,"column":42},"end":{"line":70,"column":71}}]},"5":{"loc":{"start":{"line":77,"column":10},"end":{"line":77,"column":27}},"type":"cond-expr","locations":[{"start":{"line":77,"column":10},"end":{"line":77,"column":27}},{"start":{"line":78,"column":10},"end":{"line":78,"column":41}}]},"6":{"loc":{"start":{"line":85,"column":69},"end":{"line":85,"column":75}},"type":"cond-expr","locations":[{"start":{"line":85,"column":69},"end":{"line":85,"column":75}},{"start":{"line":85,"column":78},"end":{"line":85,"column":80}}]},"7":{"loc":{"start":{"line":85,"column":20},"end":{"line":85,"column":53}},"type":"binary-expr","locations":[{"start":{"line":85,"column":20},"end":{"line":85,"column":53}},{"start":{"line":85,"column":57},"end":{"line":85,"column":66}}]},"8":{"loc":{"start":{"line":90,"column":46},"end":{"line":90,"column":55}},"type":"cond-expr","locations":[{"start":{"line":90,"column":46},"end":{"line":90,"column":55}},{"start":{"line":90,"column":58},"end":{"line":90,"column":66}}]},"9":{"loc":{"start":{"line":101,"column":12},"end":{"line":101,"column":60}},"type":"cond-expr","locations":[{"start":{"line":101,"column":12},"end":{"line":101,"column":60}},{"start":{"line":103,"column":12},"end":{"line":103,"column":77}}]},"10":{"loc":{"start":{"line":152,"column":10},"end":{"line":155,"column":null}},"type":"if","locations":[{"start":{"line":152,"column":10},"end":{"line":155,"column":null}},{"start":{"line":152,"column":10},"end":{"line":155,"column":null}}]}},"s":{"0":2,"1":2,"2":2,"3":2,"4":2,"5":2,"6":2,"7":2,"8":2,"9":2,"10":0,"11":0,"12":0,"13":0,"14":0,"15":0,"16":0,"17":0,"18":0,"19":0,"20":0,"21":0,"22":0,"23":0,"24":0,"25":0,"26":0,"27":0,"28":0,"29":0,"30":0,"31":0,"32":0,"33":0,"34":2,"35":0,"36":0,"37":2,"38":0,"39":0,"40":0,"41":0,"42":0,"43":0,"44":0,"45":0,"46":0,"47":0,"48":0,"49":0,"50":0,"51":0,"52":0,"53":0,"54":0},"f":{"0":0,"1":0,"2":0,"3":0,"4":0,"5":0,"6":0,"7":0,"8":0,"9":0,"10":0},"b":{"0":[0,0],"1":[0,0],"2":[0,0],"3":[0,0],"4":[0,0],"5":[0,0],"6":[0,0],"7":[0,0],"8":[0,0],"9":[0,0],"10":[0,0]}}
,"C:\\Users\\youss\\Code\\Repos\\takenote\\src\\client\\containers\\ContextMenuOptions.tsx": {"path":"C:\\Users\\youss\\Code\\Repos\\takenote\\src\\client\\containers\\ContextMenuOptions.tsx","statementMap":{"0":{"start":{"line":1,"column":0},"end":{"line":1,"column":41}},"1":{"start":{"line":2,"column":0},"end":{"line":2,"column":72}},"2":{"start":{"line":3,"column":0},"end":{"line":3,"column":54}},"3":{"start":{"line":5,"column":0},"end":{"line":5,"column":48}},"4":{"start":{"line":6,"column":0},"end":{"line":6,"column":42}},"5":{"start":{"line":8,"column":0},"end":{"line":8,"column":75}},"6":{"start":{"line":9,"column":0},"end":{"line":9,"column":47}},"7":{"start":{"line":10,"column":0},"end":{"line":10,"column":null}},"8":{"start":{"line":19,"column":0},"end":{"line":19,"column":53}},"9":{"start":{"line":20,"column":0},"end":{"line":20,"column":55}},"10":{"start":{"line":22,"column":0},"end":{"line":22,"column":67}},"11":{"start":{"line":23,"column":0},"end":{"line":23,"column":63}},"12":{"start":{"line":30,"column":13},"end":{"line":36,"column":null}},"13":{"start":{"line":30,"column":72},"end":{"line":30,"column":83}},"14":{"start":{"line":30,"column":85},"end":{"line":30,"column":89}},"15":{"start":{"line":31,"column":2},"end":{"line":35,"column":null}},"16":{"start":{"line":32,"column":4},"end":{"line":32,"column":null}},"17":{"start":{"line":34,"column":4},"end":{"line":34,"column":null}},"18":{"start":{"line":42,"column":56},"end":{"line":90,"column":1}},"19":{"start":{"line":42,"column":59},"end":{"line":42,"column":74}},"20":{"start":{"line":47,"column":19},"end":{"line":47,"column":32}},"21":{"start":{"line":49,"column":26},"end":{"line":49,"column":58}},"22":{"start":{"line":49,"column":50},"end":{"line":49,"column":null}},"23":{"start":{"line":50,"column":22},"end":{"line":50,"column":54}},"24":{"start":{"line":50,"column":46},"end":{"line":50,"column":null}},"25":{"start":{"line":51,"column":27},"end":{"line":52,"column":12}},"26":{"start":{"line":52,"column":4},"end":{"line":52,"column":null}},"27":{"start":{"line":58,"column":10},"end":{"line":58,"column":22}},"28":{"start":{"line":64,"column":29},"end":{"line":67,"column":3}},"29":{"start":{"line":65,"column":4},"end":{"line":65,"column":null}},"30":{"start":{"line":66,"column":4},"end":{"line":66,"column":null}},"31":{"start":{"line":68,"column":32},"end":{"line":71,"column":3}},"32":{"start":{"line":69,"column":4},"end":{"line":69,"column":null}},"33":{"start":{"line":70,"column":4},"end":{"line":70,"column":null}},"34":{"start":{"line":73,"column":2},"end":{"line":89,"column":null}},"35":{"start":{"line":96,"column":50},"end":{"line":190,"column":1}},"36":{"start":{"line":96,"column":53},"end":{"line":96,"column":64}},"37":{"start":{"line":101,"column":8},"end":{"line":101,"column":10}},"38":{"start":{"line":101,"column":10},"end":{"line":101,"column":26}},"39":{"start":{"line":101,"column":28},"end":{"line":101,"column":59}},"40":{"start":{"line":102,"column":10},"end":{"line":102,"column":20}},"41":{"start":{"line":108,"column":19},"end":{"line":108,"column":32}},"42":{"start":{"line":110,"column":23},"end":{"line":110,"column":54}},"43":{"start":{"line":110,"column":46},"end":{"line":110,"column":null}},"44":{"start":{"line":111,"column":28},"end":{"line":111,"column":56}},"45":{"start":{"line":111,"column":48},"end":{"line":111,"column":null}},"46":{"start":{"line":112,"column":31},"end":{"line":112,"column":59}},"47":{"start":{"line":112,"column":51},"end":{"line":112,"column":null}},"48":{"start":{"line":113,"column":29},"end":{"line":114,"column":12}},"49":{"start":{"line":114,"column":4},"end":{"line":114,"column":null}},"50":{"start":{"line":115,"column":28},"end":{"line":116,"column":12}},"51":{"start":{"line":116,"column":4},"end":{"line":116,"column":null}},"52":{"start":{"line":117,"column":34},"end":{"line":118,"column":12}},"53":{"start":{"line":118,"column":4},"end":{"line":118,"column":null}},"54":{"start":{"line":124,"column":29},"end":{"line":124,"column":47}},"55":{"start":{"line":124,"column":35},"end":{"line":124,"column":null}},"56":{"start":{"line":125,"column":31},"end":{"line":126,"column":17}},"57":{"start":{"line":126,"column":4},"end":{"line":131,"column":null}},"58":{"start":{"line":128,"column":33},"end":{"line":128,"column":68}},"59":{"start":{"line":132,"column":30},"end":{"line":132,"column":56}},"60":{"start":{"line":132,"column":36},"end":{"line":132,"column":null}},"61":{"start":{"line":133,"column":27},"end":{"line":133,"column":50}},"62":{"start":{"line":133,"column":33},"end":{"line":133,"column":null}},"63":{"start":{"line":134,"column":40},"end":{"line":137,"column":3}},"64":{"start":{"line":135,"column":4},"end":{"line":135,"column":null}},"65":{"start":{"line":136,"column":4},"end":{"line":136,"column":null}},"66":{"start":{"line":139,"column":2},"end":{"line":1
[...]
":{"line":73,"column":4},"end":{"line":73,"column":null}},"41":{"start":{"line":75,"column":4},"end":{"line":77,"column":null}},"42":{"start":{"line":76,"column":6},"end":{"line":76,"column":null}},"43":{"start":{"line":42,"column":0},"end":{"line":42,"column":16}}},"fnMap":{"0":{"name":"(anonymous_1)","decl":{"start":{"line":6,"column":13},"end":{"line":6,"column":20}},"loc":{"start":{"line":6,"column":13},"end":{"line":6,"column":21}}},"1":{"name":"useInterval","decl":{"start":{"line":8,"column":16},"end":{"line":8,"column":27}},"loc":{"start":{"line":8,"column":70},"end":{"line":25,"column":1}}},"2":{"name":"(anonymous_3)","decl":{"start":{"line":12,"column":12},"end":{"line":12,"column":null}},"loc":{"start":{"line":12,"column":12},"end":{"line":14,"column":3}}},"3":{"name":"(anonymous_4)","decl":{"start":{"line":17,"column":12},"end":{"line":17,"column":null}},"loc":{"start":{"line":17,"column":12},"end":{"line":24,"column":3}}},"4":{"name":"(anonymous_5)","decl":{"start":{"line":18,"column":17},"end":{"line":18,"column":23}},"loc":{"start":{"line":18,"column":17},"end":{"line":18,"column":36}}},"5":{"name":"(anonymous_6)","decl":{"start":{"line":22,"column":13},"end":{"line":22,"column":19}},"loc":{"start":{"line":22,"column":13},"end":{"line":22,"column":32}}},"6":{"name":"useKey","decl":{"start":{"line":27,"column":16},"end":{"line":27,"column":22}},"loc":{"start":{"line":27,"column":54},"end":{"line":40,"column":1}}},"7":{"name":"(anonymous_8)","decl":{"start":{"line":31,"column":12},"end":{"line":31,"column":null}},"loc":{"start":{"line":31,"column":12},"end":{"line":39,"column":3}}},"8":{"name":"(anonymous_9)","decl":{"start":{"line":32,"column":30},"end":{"line":32,"column":31}},"loc":{"start":{"line":32,"column":43},"end":{"line":37,"column":5}}},"9":{"name":"(anonymous_10)","decl":{"start":{"line":38,"column":11},"end":{"line":38,"column":17}},"loc":{"start":{"line":38,"column":11},"end":{"line":38,"column":26}}},"10":{"name":"useBeforeUnload","decl":{"start":{"line":42,"column":16},"end":{"line":42,"column":31}},"loc":{"start":{"line":42,"column":60},"end":{"line":79,"column":1}}},"11":{"name":"(anonymous_12)","decl":{"start":{"line":42,"column":32},"end":{"line":42,"column":59}},"loc":{"start":{"line":42,"column":32},"end":{"line":42,"column":60}}},"12":{"name":"(anonymous_13)","decl":{"start":{"line":50,"column":12},"end":{"line":50,"column":null}},"loc":{"start":{"line":50,"column":12},"end":{"line":52,"column":3}}},"13":{"name":"(anonymous_14)","decl":{"start":{"line":55,"column":12},"end":{"line":55,"column":null}},"loc":{"start":{"line":55,"column":12},"end":{"line":78,"column":3}}},"14":{"name":"(anonymous_15)","decl":{"start":{"line":56,"column":31},"end":{"line":56,"column":32}},"loc":{"start":{"line":56,"column":56},"end":{"line":71,"column":5}}},"15":{"name":"(anonymous_16)","decl":{"start":{"line":75,"column":11},"end":{"line":75,"column":null}},"loc":{"start":{"line":75,"column":11},"end":{"line":77,"column":5}}}},"branchMap":{"0":{"loc":{"start":{"line":19,"column":4},"end":{"line":23,"column":null}},"type":"if","locations":[{"start":{"line":19,"column":4},"end":{"line":23,"column":null}},{"start":{"line":19,"column":4},"end":{"line":23,"column":null}}]},"1":{"loc":{"start":{"line":34,"column":6},"end":{"line":36,"column":null}},"type":"if","locations":[{"start":{"line":34,"column":6},"end":{"line":36,"column":null}},{"start":{"line":34,"column":6},"end":{"line":36,"column":null}}]},"2":{"loc":{"start":{"line":42,"column":32},"end":{"line":42,"column":null}},"type":"if","locations":[{"start":{"line":42,"column":32},"end":{"line":42,"column":null}},{"start":{"line":42,"column":32},"end":{"line":42,"column":null}}]},"3":{"loc":{"start":{"line":43,"column":2},"end":{"line":45,"column":null}},"type":"if","locations":[{"start":{"line":43,"column":2},"end":{"line":45,"column":null}},{"start":{"line":43,"column":2},"end":{"line":45,"column":null}}]},"4":{"loc":{"start":{"line":43,"column":6},"end":{"line":43,"column":43}},"type":"binary-expr","locations":[{"start":{"line":43,"column":6},"end":{"line":43,"column":43}},{"start":{"line":43,"column":47},"end":{"line":43,"column":76}}]},"5":{"loc":{"start":{"line":59,"column":6},"end":{"line":61,"column":null}},"type":"if","locations":[{"start":{"line":59,"column":6},"end":{"line":61,"column":null}},{"start":{"line":59,"column":6},"end":{"line":61,"column":null}}]},"6":{"loc":{"start":{"line":63,"column":6},"end":{"line":65,"column":null}},"type":"if","locations":[{"start":{"line":63,"column":6},"end":{"line":65,"column":null}},{"start":{"line":63,"column":6},"end":{"line":65,"column":null}}]},"7":{"loc":{"start":{"line":67,"column":6},"end":{"line":70,"column":null}},"type":"if","locations":[{"start":{"line":67,"column":6},"end":{"line":70,"column":null}},{"start":{"line":67,"column":6},"end":{"line":70,"column":null}}]}},"s":{"0":1,"1":1,"2":1,"3":1,"4":5,"5":5,"6":5,"7":5,"8":1,"9":0,"10":1,"11":1,"12":1,"13":1,"14":1,"15":45,"16":45,"17":45,"18":9,"19":0,"20":0,"21":0,"22":9,"23":9,"24":1,"25":5,"26":5,"27":0,"28":5,"29":5,"30":5,"31":5,"32":1,"33":0,"34":0,"35":0,"36":0,"37":0,"38":0,"39":0,"40":1,"41":1,"42":1,"43":1},"f":{"0":0,"1":5,"2":5,"3":1,"4":0,"5":1,"6":45,"7":9,"8":0,"9":9,"10":5,"11":0,"12":5,"13":1,"14":0,"15":1},"b":{"0":[1,0],"1":[0,0],"2":[0,5],"3":[0,5],"4":[5,5],"5":[0,0],"6":[0,0],"7":[0,0]}}
,"C:\\Users\\youss\\Code\\Repos\\takenote\\src\\client\\utils\\notesSortStrategies.ts": {"path":"C:\\Users\\youss\\Code\\Repos\\takenote\\src\\client\\utils\\notesSortStrategies.ts","statementMap":{"0":{"start":{"line":1,"column":0},"end":{"line":1,"column":40}},"1":{"start":{"line":2,"column":0},"end":{"line":2,"column":38}},"2":{"start":{"line":10,"column":37},"end":{"line":17,"column":null}},"3":{"start":{"line":12,"column":4},"end":{"line":12,"column":null}},"4":{"start":{"line":12,"column":35},"end":{"line":12,"column":null}},"5":{"start":{"line":13,"column":4},"end":{"line":13,"column":null}},"6":{"start":{"line":13,"column":35},"end":{"line":13,"column":null}},"7":{"start":{"line":15,"column":4},"end":{"line":15,"column":null}},"8":{"start":{"line":19,"column":39},"end":{"line":26,"column":null}},"9":{"start":{"line":21,"column":18},"end":{"line":21,"column":37}},"10":{"start":{"line":22,"column":18},"end":{"line":22,"column":37}},"11":{"start":{"line":24,"column":4},"end":{"line":24,"column":null}},"12":{"start":{"line":28,"column":39},"end":{"line":36,"column":null}},"13":{"start":{"line":30,"column":18},"end":{"line":30,"column":41}},"14":{"start":{"line":31,"column":18},"end":{"line":31,"column":41}},"15":{"start":{"line":34,"column":4},"end":{"line":34,"column":null}},"16":{"start":{"line":38,"column":33},"end":{"line":47,"column":null}},"17":{"start":{"line":40,"column":19},"end":{"line":40,"column":39}},"18":{"start":{"line":41,"column":19},"end":{"line":41,"column":39}},"19":{"start":{"line":43,"column":4},"end":{"line":43,"column":null}},"20":{"start":{"line":43,"column":27},"end":{"line":43,"column":null}},"21":{"start":{"line":45,"column":4},"end":{"line":45,"column":null}},"22":{"start":{"line":49,"column":13},"end":{"line":54,"column":null}},"23":{"start":{"line":56,"column":13},"end":{"line":56,"column":null}},"24":{"start":{"line":56,"column":62},"end":{"line":56,"column":null}}},"fnMap":{"0":{"name":"(anonymous_0)","decl":{"start":{"line":11,"column":8},"end":{"line":11,"column":9}},"loc":{"start":{"line":11,"column":33},"end":{"line":16,"column":3}}},"1":{"name":"(anonymous_1)","decl":{"start":{"line":20,"column":8},"end":{"line":20,"column":9}},"loc":{"start":{"line":20,"column":33},"end":{"line":25,"column":3}}},"2":{"name":"(anonymous_2)","decl":{"start":{"line":29,"column":8},"end":{"line":29,"column":9}},"loc":{"start":{"line":29,"column":33},"end":{"line":35,"column":3}}},"3":{"name":"(anonymous_3)","decl":{"start":{"line":39,"column":8},"end":{"line":39,"column":9}},"loc":{"start":{"line":39,"column":33},"end":{"line":46,"column":3}}},"4":{"name":"(anonymous_4)","decl":{"start":{"line":56,"column":30},"end":{"line":56,"column":31}},"loc":{"start":{"line":56,"column":57},"end":{"line":56,"column":77}}}},"branchMap":{"0":{"loc":{"start":{"line":12,"column":4},"end":{"line":12,"column":null}},"type":"if","locations":[{"start":{"line":12,"column":4},"end":{"line":12,"column":null}},{"start":{"line":12,"column":4},"end":{"line":12,"column":null}}]},"1":{"loc":{"start":{"line":12,"column":8},"end":{"line":12,"column":18}},"type":"binary-expr","locations":[{"start":{"line":12,"column":8},"end":{"line":12,"column":18}},{"start":{"line":12,"column":22},"end":{"line":12,"column":33}}]},"2":{"loc":{"start":{"line":13,"column":4},"end":{"line":13,"column":null}},"type":"if","locations":[{"start":{"line":13,"column":4},"end":{"line":13,"column":null}},{"start":{"line":13,"column":4},"end":{"line":13,"column":null}}]},"3":{"loc":{"start":{"line":13,"column":8},"end":{"line":13,"column":19}},"type":"binary-expr","locations":[{"start":{"line":13,"column":8},"end":{"line":13,"column":19}},{"start":{"line":13,"column":23},"end":{"line":13,"column":33}}]},"4":{"loc":{"start":{"line":24,"column":27},"end":{"line":24,"column":28}},"type":"cond-expr","locations":[{"start":{"line":24,"column":27},"end":{"line":24,"column":28}},{"start":{"line":24,"column":31},"end":{"line":24,"column":33}}]},"5":{"loc":{"start":{"line":34,"column":27},"end":{"line":34,"column":28}},"type":"cond-expr","locations":[{"start":{"line":34,"column":27},"end":{"line":34,"column":28}},{"start":{"line":34,"column":31},"end":{"line":34,"column":33}}]},"6":{"loc":{"start":{"line":43,"column":4},"end":{"line":43,"column":null}},"type":"if","locations":[{"start":{"line":43,"column":4},"end":{"line":43,"column":null}},{"start":{"line":43,"column":4},"end":{"line":43,"column":null}}]},"7":{"loc":{"start":{"line":45,"column":29},"end":{"line":45,"column":30}},"type":"cond-expr","locations":[{"start":{"line":45,"column":29},"end":{"line":45,"column":30}},{"start":{"line":45,"column":33},"end":{"line":45,"column":35}}]}},"s":{"0":1,"1":1,"2":1,"3":0,"4":0,"5":0,"6":0,"7":0,"8":1,"9":0,"10":0,"11":0,"12":1,"13":0,"14":0,"15":0,"16":1,"17":0,"18":0,"19":0,"20":0,"21":0,"22":1,"23":1,"24":5},"f":{"0":0,"1":0,"2":0,"3":0,"4":5},"b":{"0":[0,0],"1":[0,0],"2":[0,0],"3":[0,0],"4":[0,0],"5":[0,0],"6":[0,0],"7":[0,0]}}
,"C:\\Users\\youss\\Code\\Repos\\takenote\\src\\resources\\LabelText.ts": {"path":"C:\\Users\\youss\\Code\\Repos\\takenote\\src\\resources\\LabelText.ts","statementMap":{"0":{"start":{"line":2,"column":0},"end":{"line":2,"column":null}},"1":{"start":{"line":3,"column":2},"end":{"line":3,"column":null}},"2":{"start":{"line":4,"column":2},"end":{"line":4,"column":null}},"3":{"start":{"line":5,"column":2},"end":{"line":5,"column":null}},"4":{"start":{"line":6,"column":2},"end":{"line":6,"column":null}},"5":{"start":{"line":7,"column":2},"end":{"line":7,"column":null}},"6":{"start":{"line":8,"column":2},"end":{"line":8,"column":null}},"7":{"start":{"line":9,"column":2},"end":{"line":9,"column":null}},"8":{"start":{"line":10,"column":2},"end":{"line":10,"column":null}},"9":{"start":{"line":11,"column":2},"end":{"line":11,"column":null}},"10":{"start":{"line":12,"column":2},"end":{"line":12,"column":null}},"11":{"start":{"line":13,"column":2},"end":{"line":13,"column":null}},"12":{"start":{"line":14,"column":2},"end":{"line":14,"column":null}},"13":{"start":{"line":15,"column":2},"end":{"line":15,"column":null}},"14":{"start":{"line":16,"column":2},"end":{"line":16,"column":null}},"15":{"start":{"line":17,"column":2},"end":{"line":17,"column":null}},"16":{"start":{"line":18,"column":2},"end":{"line":18,"column":null}},"17":{"start":{"line":19,"column":2},"end":{"line":19,"column":null}},"18":{"start":{"line":20,"column":2},"end":{"line":20,"column":null}},"19":{"start":{"line":21,"column":2},"end":{"line":21,"column":null}},"20":{"start":{"line":22,"column":2},"end":{"line":22,"column":null}}},"fnMap":{"0":{"name":"(anonymous_0)","decl":{"start":{"line":2,"column":0},"end":{"line":2,"column":12}},"loc":{"start":{"line":2,"column":21},"end":{"line":23,"column":1}}}},"branchMap":{"0":{"loc":{"start":{"line":2,"column":12},"end":{"line":2,"column":21}},"type":"binary-expr","locations":[{"start":{"line":2,"column":12},"end":{"line":2,"column":21}},{"start":{"line":2,"column":12},"end":{"line":2,"column":null}}]}},"s":{"0":3,"1":3,"2":3,"3":3,"4":3,"5":3,"6":3,"7":3,"8":3,"9":3,"10":3,"11":3,"12":3,"13":3,"14":3,"15":3,"16":3,"17":3,"18":3,"19":3,"20":3},"f":{"0":3},"b":{"0":[3,3]}}
,"C:\\Users\\youss\\Code\\Repos\\takenote\\src\\resources\\TestID.ts": {"path":"C:\\Users\\youss\\Code\\Repos\\takenote\\src\\resources\\TestID.ts","statementMap":{"0":{"start":{"line":2,"column":0},"end":{"line":2,"column":null}},"1":{"start":{"line":3,"column":2},"end":{"line":3,"column":null}},"2":{"start":{"line":4,"column":2},"end":{"line":4,"column":null}},"3":{"start":{"line":5,"column":2},"end":{"line":5,"column":null}},"4":{"start":{"line":6,"column":2},"end":{"line":6,"column":null}},"5":{"start":{"line":7,"column":2},"end":{"line":7,"column":null}},"6":{"start":{"line":8,"column":2},"end":{"line":8,"column":null}},"7":{"start":{"line":9,"column":2},"end":{"line":9,"column":null}},"8":{"start":{"line":10,"column":2},"end":{"line":10,"column":null}},"9":{"start":{"line":11,"column":2},"end":{"line":11,"column":null}},"10":{"start":{"line":12,"column":2},"end":{"line":12,"column":null}},"11":{"start":{"line":13,"column":2},"end":{"line":13,"column":null}},"12":{"start":{"line":14,"column":2},"end":{"line":14,"column":null}},"13":{"start":{"line":15,"column":2},"end":{"line":15,"column":null}},"14":{"start":{"line":16,"column":2},"end":{"line":16,"column":null}},"15":{"start":{"line":17,"column":2},"end":{"line":17,"column":null}},"16":{"start":{"line":18,"column":2},"end":{"line":18,"column":null}},"17":{"start":{"line":19,"column":2},"end":{"line":19,"column":null}},"18":{"start":{"line":20,"column":2},"end":{"line":20,"column":null}},"19":{"start":{"line":21,"column":2},"end":{"line":21,"column":null}},"20":{"start":{"line":22,"column":2},"end":{"line":22,"column":null}},"21":{"start":{"line":23,"column":2},"end":{"line":23,"column":null}},"22":{"start":{"line":24,"column":2},"end":{"line":24,"column":null}},"23":{"start":{"line":25,"column":2},"end":{"line":25,"column":null}},"24":{"start":{"line":26,"column":2},"end":{"line":26,"column":null}},"25":{"start":{"line":27,"column":2},"end":{"line":27,"column":null}},"26":{"start":{"line":28,"column":2},"end":{"line":28,"column":null}},"27":{"start":{"line":29,"column":2},"end":{"line":29,"column":null}},"28":{"start":{"line":30,"column":2},"end":{"line":30,"column":null}},"29":{"start":{"line":31,"column":2},"end":{"line":31,"column":null}},"30":{"start":{"line":32,"column":2},"end":{"line":32,"column":null}},"31":{"start":{"line":33,"column":2},"end":{"line":33,"column":null}},"32":{"start":{"line":34,"column":2},"end":{"line":34,"column":null}}},"fnMap":{"0":{"name":"(anonymous_0)","decl":{"start":{"line":2,"column":0},"end":{"line":2,"column":12}},"loc":{"start":{"line":2,"column":18},"end":{"line":35,"column":1}}}},"branchMap":{"0":{"loc":{"start":{"line":2,"column":12},"end":{"line":2,"column":18}},"type":"binary-expr","locations":[{"start":{"line":2,"column":12},"end":{"line":2,"column":18}},{"start":{"line":2,"column":12},"end":{"line":2,"column":null}}]}},"s":{"0":3,"1":3,"2":3,"3":3,"4":3,"5":3,"6":3,"7":3,"8":3,"9":3,"10":3,"11":3,"12":3,"13":3,"14":3,"15":3,"16":3,"17":3,"18":3,"19":3,"20":3,"21":3,"22":3,"23":3,"24":3,"25":3,"26":3,"27":3,"28":3,"29":3,"30":3,"31":3,"32":3},"f":{"0":3},"b":{"0":[3,3]}}
,"C:\\Users\\youss\\Code\\Repos\\takenote\\src\\server\\middleware\\checkAuth.ts": {"path":"C:\\Users\\youss\\Code\\Repos\\takenote\\src\\server\\middleware\\checkAuth.ts","statementMap":{"0":{"start":{"line":3,"column":18},"end":{"line":13,"column":null}},"1":{"start":{"line":3,"column":81},"end":{"line":13,"column":null}},"2":{"start":{"line":4,"column":8},"end":{"line":4,"column":null}},"3":{"start":{"line":6,"column":2},"end":{"line":12,"column":null}},"4":{"start":{"line":7,"column":4},"end":{"line":7,"column":null}},"5":{"start":{"line":9,"column":4},"end":{"line":9,"column":null}},"6":{"start":{"line":11,"column":4},"end":{"line":11,"column":null}},"7":{"start":{"line":15,"column":0},"end":{"line":15,"column":null}}},"fnMap":{"0":{"name":"(anonymous_13)","decl":{"start":{"line":3,"column":18},"end":{"line":3,"column":25}},"loc":{"start":{"line":3,"column":81},"end":{"line":13,"column":null}}},"1":{"name":"(anonymous_14)","decl":{"start":{"line":3,"column":81},"end":{"line":3,"column":null}},"loc":{"start":{"line":3,"column":81},"end":{"line":13,"column":null}}}},"branchMap":{"0":{"loc":{"start":{"line":4,"column":37},"end":{"line":4,"column":39}},"type":"cond-expr","locations":[{"start":{"line":4,"column":37},"end":{"line":4,"column":39}},{"start":{"line":4,"column":37},"end":{"line":4,"column":52}}]},"1":{"loc":{"start":{"line":4,"column":19},"end":{"line":4,"column":39}},"type":"binary-expr","locations":[{"start":{"line":4,"column":19},"end":{"line":4,"column":39}},{"start":{"line":4,"column":37},"end":{"line":4,"column":39}}]},"2":{"loc":{"start":{"line":6,"column":2},"end":{"line":12,"column":null}},"type":"if","locations":[{"start":{"line":6,"column":2},"end":{"line":12,"column":null}},{"start":{"line":6,"column":2},"end":{"line":12,"column":null}}]}},"s":{"0":1,"1":2,"2":2,"3":2,"4":1,"5":1,"6":1,"7":1},"f":{"0":2,"1":2},"b":{"0":[0,2],"1":[2,2],"2":[1,1]}}
,"C:\\Users\\youss\\Code\\Repos\\takenote\\tests\\unit\\client\\testHelpers.tsx": {"path":"C:\\Users\\youss\\Code\\Repos\\takenote\\tests\\unit\\client\\testHelpers.tsx","statementMap":{"0":{"start":{"line":1,"column":0},"end":{"line":1,"column":47}},"1":{"start":{"line":2,"column":0},"end":{"line":2,"column":60}},"2":{"start":{"line":3,"column":0},"end":{"line":3,"column":40}},"3":{"start":{"line":4,"column":0},"end":{"line":4,"column":38}},"4":{"start":{"line":5,"column":0},"end":{"line":5,"column":47}},"5":{"start":{"line":6,"column":0},"end":{"line":6,"column":45}},"6":{"start":{"line":7,"column":0},"end":{"line":7,"column":71}},"7":{"start":{"line":9,"column":0},"end":{"line":9,"column":30}},"8":{"start":{"line":10,"column":0},"end":{"line":10,"column":34}},"9":{"start":{"line":17,"column":13},"end":{"line":41,"column":null}},"10":{"start":{"line":19,"column":2},"end":{"line":19,"column":null}},"11":{"start":{"line":20,"column":4},"end":{"line":20,"column":15}},"12":{"start":{"line":21,"column":4},"end":{"line":21,"column":62}},"13":{"start":{"line":24,"column":25},"end":{"line":24,"column":47}},"14":{"start":{"line":26,"column":16},"end":{"line":29,"column":4}},"15":{"start":{"line":31,"column":2},"end":{"line":31,"column":null}},"16":{"start":{"line":33,"column":2},"end":{"line":39,"column":null}}},"fnMap":{"0":{"name":"(anonymous_4)","decl":{"start":{"line":17,"column":32},"end":{"line":17,"column":null}},"loc":{"start":{"line":22,"column":60},"end":{"line":41,"column":1}}}},"branchMap":{"0":{"loc":{"start":{"line":19,"column":2},"end":{"line":19,"column":null}},"type":"cond-expr","locations":[{"start":{"line":19,"column":2},"end":{"line":19,"column":null}},{"start":{"line":19,"column":2},"end":{"line":19,"column":null}}]},"1":{"loc":{"start":{"line":20,"column":4},"end":{"line":20,"column":15}},"type":"cond-expr","locations":[{"start":{"line":20,"column":4},"end":{"line":20,"column":15}},{"start":{"line":20,"column":4},"end":{"line":20,"column":15}}]},"2":{"loc":{"start":{"line":21,"column":4},"end":{"line":21,"column":62}},"type":"cond-expr","locations":[{"start":{"line":21,"column":4},"end":{"line":21,"column":62}},{"start":{"line":21,"column":4},"end":{"line":21,"column":62}}]}},"s":{"0":2,"1":2,"2":2,"3":2,"4":2,"5":2,"6":2,"7":2,"8":2,"9":2,"10":5,"11":10,"12":10,"13":5,"14":5,"15":5,"16":5},"f":{"0":5},"b":{"0":[5,0],"1":[5,0],"2":[5,0]}}
}
